<?xml version="1.0" encoding="utf-8" standalone="no"?>
<test-results xmlns:xsi="http://www.w3.org/2001/XMLSchema-instance" xsi:noNamespaceSchemaLocation="nunit_schema_2.5.xsd" name="Pester" total="477" errors="0" failures="21" not-run="2" inconclusive="0" ignored="0" skipped="3" invalid="0" date="2025-03-08" time="13:13:00">
  <environment clr-version="4.0.30319.42000" user-domain="BATTLESTATION" cwd="C:\Celerium\Projects\_API\Celerium.RocketCyber" platform="Microsoft Windows 11 Pro|C:\WINDOWS|\Device\Harddisk0\Partition3" machine-name="BATTLESTATION" nunit-version="2.5.8.0" os-version="10.0.26100" user="David" />
  <culture-info current-culture="en-US" current-uiculture="en-US" />
  <test-suite type="TestFixture" name="Pester" executed="True" result="Failure" success="False" time="16.5961" asserts="0" description="Pester">
    <results>
      <test-suite type="TestFixture" name="C:\Celerium\Projects\_API\Celerium.RocketCyber\tests\Celerium.RocketCyber.Tests.ps1" executed="True" result="Success" success="True" time="0.3326" asserts="0" description="C:\Celerium\Projects\_API\Celerium.RocketCyber\tests\Celerium.RocketCyber.Tests.ps1">
        <results>
          <test-suite type="TestFixture" name="Testing the [ Built ] version of [ Celerium.RocketCyber ] with [ Celerium.RocketCyber.Tests.ps1 ]" executed="True" result="Success" success="True" time="0.196" asserts="0" description="Testing the [ Built ] version of [ Celerium.RocketCyber ] with [ Celerium.RocketCyber.Tests.ps1 ]">
            <results>
              <test-suite type="TestFixture" name="Testing the [ Built ] version of [ Celerium.RocketCyber ] with [ Celerium.RocketCyber.Tests.ps1 ].[ Celerium.RocketCyber.psd1 ] general manifest data" executed="True" result="Success" success="True" time="0.1457" asserts="0" description="Testing the [ Built ] version of [ Celerium.RocketCyber ] with [ Celerium.RocketCyber.Tests.ps1 ].[ Celerium.RocketCyber.psd1 ] general manifest data">
                <results>
                  <test-case description="Manifest [ RootModule ] has valid data" name="Testing the [ Built ] version of [ Celerium.RocketCyber ] with [ Celerium.RocketCyber.Tests.ps1 ].[ Celerium.RocketCyber.psd1 ] general manifest data.Manifest [ RootModule ] has valid data" time="0.0061" asserts="0" success="True" result="Success" executed="True" />
                  <test-case description="Manifest [ ModuleVersion ] has valid data" name="Testing the [ Built ] version of [ Celerium.RocketCyber ] with [ Celerium.RocketCyber.Tests.ps1 ].[ Celerium.RocketCyber.psd1 ] general manifest data.Manifest [ ModuleVersion ] has valid data" time="0.0045" asserts="0" success="True" result="Success" executed="True" />
                  <test-case description="Manifest [ GUID ] has valid data" name="Testing the [ Built ] version of [ Celerium.RocketCyber ] with [ Celerium.RocketCyber.Tests.ps1 ].[ Celerium.RocketCyber.psd1 ] general manifest data.Manifest [ GUID ] has valid data" time="0.0072" asserts="0" success="True" result="Success" executed="True" />
                  <test-case description="Manifest [ Author ] has valid data" name="Testing the [ Built ] version of [ Celerium.RocketCyber ] with [ Celerium.RocketCyber.Tests.ps1 ].[ Celerium.RocketCyber.psd1 ] general manifest data.Manifest [ Author ] has valid data" time="0.006" asserts="0" success="True" result="Success" executed="True" />
                  <test-case description="Manifest [ CompanyName ] has valid data" name="Testing the [ Built ] version of [ Celerium.RocketCyber ] with [ Celerium.RocketCyber.Tests.ps1 ].[ Celerium.RocketCyber.psd1 ] general manifest data.Manifest [ CompanyName ] has valid data" time="0.0099" asserts="0" success="True" result="Success" executed="True" />
                  <test-case description="Manifest [ Copyright ] has valid data" name="Testing the [ Built ] version of [ Celerium.RocketCyber ] with [ Celerium.RocketCyber.Tests.ps1 ].[ Celerium.RocketCyber.psd1 ] general manifest data.Manifest [ Copyright ] has valid data" time="0.0056" asserts="0" success="True" result="Success" executed="True" />
                  <test-case description="Manifest [ Description ] is not empty" name="Testing the [ Built ] version of [ Celerium.RocketCyber ] with [ Celerium.RocketCyber.Tests.ps1 ].[ Celerium.RocketCyber.psd1 ] general manifest data.Manifest [ Description ] is not empty" time="0.0046" asserts="0" success="True" result="Success" executed="True" />
                  <test-case description="Manifest [ PowerShellVersion ] has valid data" name="Testing the [ Built ] version of [ Celerium.RocketCyber ] with [ Celerium.RocketCyber.Tests.ps1 ].[ Celerium.RocketCyber.psd1 ] general manifest data.Manifest [ PowerShellVersion ] has valid data" time="0.0051" asserts="0" success="True" result="Success" executed="True" />
                  <test-case description="Manifest [ NestedModules ] has valid data" name="Testing the [ Built ] version of [ Celerium.RocketCyber ] with [ Celerium.RocketCyber.Tests.ps1 ].[ Celerium.RocketCyber.psd1 ] general manifest data.Manifest [ NestedModules ] has valid data" time="0.0073" asserts="0" success="True" result="Success" executed="True" />
                  <test-case description="Manifest [ FunctionsToExport ] has valid data" name="Testing the [ Built ] version of [ Celerium.RocketCyber ] with [ Celerium.RocketCyber.Tests.ps1 ].[ Celerium.RocketCyber.psd1 ] general manifest data.Manifest [ FunctionsToExport ] has valid data" time="0.0116" asserts="0" success="True" result="Success" executed="True" />
                  <test-case description="Manifest [ CmdletsToExport ] is empty" name="Testing the [ Built ] version of [ Celerium.RocketCyber ] with [ Celerium.RocketCyber.Tests.ps1 ].[ Celerium.RocketCyber.psd1 ] general manifest data.Manifest [ CmdletsToExport ] is empty" time="0.0076" asserts="0" success="True" result="Success" executed="True" />
                  <test-case description="Manifest [ VariablesToExport ] is empty" name="Testing the [ Built ] version of [ Celerium.RocketCyber ] with [ Celerium.RocketCyber.Tests.ps1 ].[ Celerium.RocketCyber.psd1 ] general manifest data.Manifest [ VariablesToExport ] is empty" time="0.0074" asserts="0" success="True" result="Success" executed="True" />
                  <test-case description="Manifest [ AliasesToExport ] has alias" name="Testing the [ Built ] version of [ Celerium.RocketCyber ] with [ Celerium.RocketCyber.Tests.ps1 ].[ Celerium.RocketCyber.psd1 ] general manifest data.Manifest [ AliasesToExport ] has alias" time="0.0075" asserts="0" success="True" result="Success" executed="True" />
                  <test-case description="Manifest [ Tags ] has valid data" name="Testing the [ Built ] version of [ Celerium.RocketCyber ] with [ Celerium.RocketCyber.Tests.ps1 ].[ Celerium.RocketCyber.psd1 ] general manifest data.Manifest [ Tags ] has valid data" time="0.0107" asserts="0" success="True" result="Success" executed="True" />
                  <test-case description="Manifest [ LicenseUri ] has valid data" name="Testing the [ Built ] version of [ Celerium.RocketCyber ] with [ Celerium.RocketCyber.Tests.ps1 ].[ Celerium.RocketCyber.psd1 ] general manifest data.Manifest [ LicenseUri ] has valid data" time="0.0058" asserts="0" success="True" result="Success" executed="True" />
                  <test-case description="Manifest [ ProjectUri ] has valid data" name="Testing the [ Built ] version of [ Celerium.RocketCyber ] with [ Celerium.RocketCyber.Tests.ps1 ].[ Celerium.RocketCyber.psd1 ] general manifest data.Manifest [ ProjectUri ] has valid data" time="0.0057" asserts="0" success="True" result="Success" executed="True" />
                  <test-case description="Manifest [ IconUri ] has valid data" name="Testing the [ Built ] version of [ Celerium.RocketCyber ] with [ Celerium.RocketCyber.Tests.ps1 ].[ Celerium.RocketCyber.psd1 ] general manifest data.Manifest [ IconUri ] has valid data" time="0.0057" asserts="0" success="True" result="Success" executed="True" />
                  <test-case description="Manifest [ ReleaseNotes ] has valid data" name="Testing the [ Built ] version of [ Celerium.RocketCyber ] with [ Celerium.RocketCyber.Tests.ps1 ].[ Celerium.RocketCyber.psd1 ] general manifest data.Manifest [ ReleaseNotes ] has valid data" time="0.0059" asserts="0" success="True" result="Success" executed="True" />
                  <test-case description="Manifest [ HelpInfoUri ] is not empty" name="Testing the [ Built ] version of [ Celerium.RocketCyber ] with [ Celerium.RocketCyber.Tests.ps1 ].[ Celerium.RocketCyber.psd1 ] general manifest data.Manifest [ HelpInfoUri ] is not empty" time="0.0091" asserts="0" success="True" result="Success" executed="True" />
                </results>
              </test-suite>
              <test-suite type="TestFixture" name="Testing the [ Built ] version of [ Celerium.RocketCyber ] with [ Celerium.RocketCyber.Tests.ps1 ].[ Celerium.RocketCyber.psd1 ] module import test" executed="True" result="Success" success="True" time="0.1871" asserts="0" description="Testing the [ Built ] version of [ Celerium.RocketCyber ] with [ Celerium.RocketCyber.Tests.ps1 ].[ Celerium.RocketCyber.psd1 ] module import test">
                <results>
                  <test-case description="Module contains only PowerShell files" name="Testing the [ Built ] version of [ Celerium.RocketCyber ] with [ Celerium.RocketCyber.Tests.ps1 ].[ Celerium.RocketCyber.psd1 ] module import test.Module contains only PowerShell files" time="0.0071" asserts="0" success="True" result="Success" executed="True" />
                  <test-case description="Module files exist" name="Testing the [ Built ] version of [ Celerium.RocketCyber ] with [ Celerium.RocketCyber.Tests.ps1 ].[ Celerium.RocketCyber.psd1 ] module import test.Module files exist" time="0.0068" asserts="0" success="True" result="Success" executed="True" />
                  <test-case description="Should pass Test-ModuleManifest" name="Testing the [ Built ] version of [ Celerium.RocketCyber ] with [ Celerium.RocketCyber.Tests.ps1 ].[ Celerium.RocketCyber.psd1 ] module import test.Should pass Test-ModuleManifest" time="0.0076" asserts="0" success="True" result="Success" executed="True" />
                  <test-case description="Should import successfully" name="Testing the [ Built ] version of [ Celerium.RocketCyber ] with [ Celerium.RocketCyber.Tests.ps1 ].[ Celerium.RocketCyber.psd1 ] module import test.Should import successfully" time="0.0106" asserts="0" success="True" result="Success" executed="True" />
                </results>
              </test-suite>
            </results>
          </test-suite>
        </results>
      </test-suite>
      <test-suite type="TestFixture" name="C:\Celerium\Projects\_API\Celerium.RocketCyber\tests\HelpComment.Tests.ps1" executed="True" result="Failure" success="False" time="6.0108" asserts="0" description="C:\Celerium\Projects\_API\Celerium.RocketCyber\tests\HelpComment.Tests.ps1">
        <results>
          <test-suite type="TestFixture" name="Testing the [ Built ] version of [ Celerium.RocketCyber ] with [ HelpComment.Tests.ps1 ]" executed="True" result="Failure" success="False" time="4.3495" asserts="0" description="Testing the [ Built ] version of [ Celerium.RocketCyber ] with [ HelpComment.Tests.ps1 ]">
            <results>
              <test-suite type="TestFixture" name="Testing the [ Built ] version of [ Celerium.RocketCyber ] with [ HelpComment.Tests.ps1 ].[ Celerium.RocketCyber ] module help tests" executed="True" result="Failure" success="False" time="0.2557" asserts="0" description="Testing the [ Built ] version of [ Celerium.RocketCyber ] with [ HelpComment.Tests.ps1 ].[ Celerium.RocketCyber ] module help tests">
                <results>
                  <test-suite type="TestFixture" name="Testing the [ Built ] version of [ Celerium.RocketCyber ] with [ HelpComment.Tests.ps1 ].[ Celerium.RocketCyber ] module help tests.[ Add-RocketCyberApiKey ]" executed="True" result="Failure" success="False" time="0.2468" asserts="0" description="Testing the [ Built ] version of [ Celerium.RocketCyber ] with [ HelpComment.Tests.ps1 ].[ Celerium.RocketCyber ] module help tests.[ Add-RocketCyberApiKey ]">
                    <results>
                      <test-case description="[ Add-RocketCyberApiKey ] contains comment based help" name="Testing the [ Built ] version of [ Celerium.RocketCyber ] with [ HelpComment.Tests.ps1 ].[ Celerium.RocketCyber ] module help tests.[ Add-RocketCyberApiKey ].[ Add-RocketCyberApiKey ] contains comment based help" time="0.0057" asserts="0" success="True" result="Success" executed="True" />
                      <test-case description="[ Add-RocketCyberApiKey ] contains a synopsis" name="Testing the [ Built ] version of [ Celerium.RocketCyber ] with [ HelpComment.Tests.ps1 ].[ Celerium.RocketCyber ] module help tests.[ Add-RocketCyberApiKey ].[ Add-RocketCyberApiKey ] contains a synopsis" time="0.0055" asserts="0" success="True" result="Success" executed="True" />
                      <test-case description="[ Add-RocketCyberApiKey ] contains a description" name="Testing the [ Built ] version of [ Celerium.RocketCyber ] with [ HelpComment.Tests.ps1 ].[ Celerium.RocketCyber ] module help tests.[ Add-RocketCyberApiKey ].[ Add-RocketCyberApiKey ] contains a description" time="0.005" asserts="0" success="True" result="Success" executed="True" />
                      <test-case description="[ Add-RocketCyberApiKey ] contains at least one usage example" name="Testing the [ Built ] version of [ Celerium.RocketCyber ] with [ HelpComment.Tests.ps1 ].[ Celerium.RocketCyber ] module help tests.[ Add-RocketCyberApiKey ].[ Add-RocketCyberApiKey ] contains at least one usage example" time="0.0083" asserts="0" success="True" result="Success" executed="True" />
                      <test-case description="[ Add-RocketCyberApiKey ] contains a note" name="Testing the [ Built ] version of [ Celerium.RocketCyber ] with [ HelpComment.Tests.ps1 ].[ Celerium.RocketCyber ] module help tests.[ Add-RocketCyberApiKey ].[ Add-RocketCyberApiKey ] contains a note" time="0.0048" asserts="0" success="True" result="Success" executed="True" />
                      <test-case description="[ Add-RocketCyberApiKey ] contains a link" name="Testing the [ Built ] version of [ Celerium.RocketCyber ] with [ HelpComment.Tests.ps1 ].[ Celerium.RocketCyber ] module help tests.[ Add-RocketCyberApiKey ].[ Add-RocketCyberApiKey ] contains a link" time="0.0048" asserts="0" success="True" result="Success" executed="True" />
                      <test-case description="[ Add-RocketCyberApiKey ] link should return 200" name="Testing the [ Built ] version of [ Celerium.RocketCyber ] with [ HelpComment.Tests.ps1 ].[ Celerium.RocketCyber ] module help tests.[ Add-RocketCyberApiKey ].[ Add-RocketCyberApiKey ] link should return 200" time="0.1596" asserts="0" success="False" result="Failure" executed="True">
                        <failure>
                          <message>Expected '200', but got $null.</message>
                          <stack-trace>at $Link.StatusCode | Should -Be '200', C:\Celerium\Projects\_API\Celerium.RocketCyber\tests\HelpComment.Tests.ps1:226
at &lt;ScriptBlock&gt;, C:\Celerium\Projects\_API\Celerium.RocketCyber\tests\HelpComment.Tests.ps1:226</stack-trace>
                        </failure>
                      </test-case>
                      <test-suite type="ParameterizedTest" name="Testing the [ Built ] version of [ Celerium.RocketCyber ] with [ HelpComment.Tests.ps1 ].[ Celerium.RocketCyber ] module help tests.[ Add-RocketCyberApiKey ].[ Add-RocketCyberApiKey ] - Parameter has a description - [ &lt;_.name&gt; ]" executed="True" result="Success" success="True" time="0.0108" asserts="0" description="[ Add-RocketCyberApiKey ] - Parameter has a description - [ &lt;_.name&gt; ]">
                        <results>
                          <test-case description="[ Add-RocketCyberApiKey ] - Parameter has a description - [ ApiKey ]" name="Testing the [ Built ] version of [ Celerium.RocketCyber ] with [ HelpComment.Tests.ps1 ].[ Celerium.RocketCyber ] module help tests.[ Add-RocketCyberApiKey ].[ Add-RocketCyberApiKey ] - Parameter has a description - [ ApiKey ]" time="0.0053" asserts="0" success="True" result="Success" executed="True" />
                          <test-case description="[ Add-RocketCyberApiKey ] - Parameter has a description - [ ApiKeySecureString ]" name="Testing the [ Built ] version of [ Celerium.RocketCyber ] with [ HelpComment.Tests.ps1 ].[ Celerium.RocketCyber ] module help tests.[ Add-RocketCyberApiKey ].[ Add-RocketCyberApiKey ] - Parameter has a description - [ ApiKeySecureString ]" time="0.0055" asserts="0" success="True" result="Success" executed="True" />
                        </results>
                      </test-suite>
                      <test-suite type="ParameterizedTest" name="Testing the [ Built ] version of [ Celerium.RocketCyber ] with [ HelpComment.Tests.ps1 ].[ Celerium.RocketCyber ] module help tests.[ Add-RocketCyberApiKey ].[ Add-RocketCyberApiKey ] - Example has example code &amp; description   - [ &lt;_.title -replace '-'.''&gt; ]" executed="True" result="Success" success="True" time="0.0261" asserts="0" description="[ Add-RocketCyberApiKey ] - Example has example code &amp; description   - [ &lt;_.title -replace '-'.''&gt; ]">
                        <results>
                          <test-case description="[ Add-RocketCyberApiKey ] - Example has example code &amp; description   - [  EXAMPLE 1  ]" name="Testing the [ Built ] version of [ Celerium.RocketCyber ] with [ HelpComment.Tests.ps1 ].[ Celerium.RocketCyber ] module help tests.[ Add-RocketCyberApiKey ].[ Add-RocketCyberApiKey ] - Example has example code &amp; description   - [  EXAMPLE 1  ]" time="0.0073" asserts="0" success="True" result="Success" executed="True" />
                          <test-case description="[ Add-RocketCyberApiKey ] - Example has example code &amp; description   - [  EXAMPLE 2  ]" name="Testing the [ Built ] version of [ Celerium.RocketCyber ] with [ HelpComment.Tests.ps1 ].[ Celerium.RocketCyber ] module help tests.[ Add-RocketCyberApiKey ].[ Add-RocketCyberApiKey ] - Example has example code &amp; description   - [  EXAMPLE 2  ]" time="0.0118" asserts="0" success="True" result="Success" executed="True" />
                          <test-case description="[ Add-RocketCyberApiKey ] - Example has example code &amp; description   - [  EXAMPLE 3  ]" name="Testing the [ Built ] version of [ Celerium.RocketCyber ] with [ HelpComment.Tests.ps1 ].[ Celerium.RocketCyber ] module help tests.[ Add-RocketCyberApiKey ].[ Add-RocketCyberApiKey ] - Example has example code &amp; description   - [  EXAMPLE 3  ]" time="0.0069" asserts="0" success="True" result="Success" executed="True" />
                        </results>
                      </test-suite>
                    </results>
                  </test-suite>
                </results>
              </test-suite>
              <test-suite type="TestFixture" name="Testing the [ Built ] version of [ Celerium.RocketCyber ] with [ HelpComment.Tests.ps1 ].[ Celerium.RocketCyber ] module help tests" executed="True" result="Failure" success="False" time="0.4509" asserts="0" description="Testing the [ Built ] version of [ Celerium.RocketCyber ] with [ HelpComment.Tests.ps1 ].[ Celerium.RocketCyber ] module help tests">
                <results>
                  <test-suite type="TestFixture" name="Testing the [ Built ] version of [ Celerium.RocketCyber ] with [ HelpComment.Tests.ps1 ].[ Celerium.RocketCyber ] module help tests.[ Add-RocketCyberBaseUri ]" executed="True" result="Failure" success="False" time="0.1872" asserts="0" description="Testing the [ Built ] version of [ Celerium.RocketCyber ] with [ HelpComment.Tests.ps1 ].[ Celerium.RocketCyber ] module help tests.[ Add-RocketCyberBaseUri ]">
                    <results>
                      <test-case description="[ Add-RocketCyberBaseUri ] contains comment based help" name="Testing the [ Built ] version of [ Celerium.RocketCyber ] with [ HelpComment.Tests.ps1 ].[ Celerium.RocketCyber ] module help tests.[ Add-RocketCyberBaseUri ].[ Add-RocketCyberBaseUri ] contains comment based help" time="0.0093" asserts="0" success="True" result="Success" executed="True" />
                      <test-case description="[ Add-RocketCyberBaseUri ] contains a synopsis" name="Testing the [ Built ] version of [ Celerium.RocketCyber ] with [ HelpComment.Tests.ps1 ].[ Celerium.RocketCyber ] module help tests.[ Add-RocketCyberBaseUri ].[ Add-RocketCyberBaseUri ] contains a synopsis" time="0.0049" asserts="0" success="True" result="Success" executed="True" />
                      <test-case description="[ Add-RocketCyberBaseUri ] contains a description" name="Testing the [ Built ] version of [ Celerium.RocketCyber ] with [ HelpComment.Tests.ps1 ].[ Celerium.RocketCyber ] module help tests.[ Add-RocketCyberBaseUri ].[ Add-RocketCyberBaseUri ] contains a description" time="0.0046" asserts="0" success="True" result="Success" executed="True" />
                      <test-case description="[ Add-RocketCyberBaseUri ] contains at least one usage example" name="Testing the [ Built ] version of [ Celerium.RocketCyber ] with [ HelpComment.Tests.ps1 ].[ Celerium.RocketCyber ] module help tests.[ Add-RocketCyberBaseUri ].[ Add-RocketCyberBaseUri ] contains at least one usage example" time="0.0067" asserts="0" success="True" result="Success" executed="True" />
                      <test-case description="[ Add-RocketCyberBaseUri ] contains a note" name="Testing the [ Built ] version of [ Celerium.RocketCyber ] with [ HelpComment.Tests.ps1 ].[ Celerium.RocketCyber ] module help tests.[ Add-RocketCyberBaseUri ].[ Add-RocketCyberBaseUri ] contains a note" time="0.005" asserts="0" success="True" result="Success" executed="True" />
                      <test-case description="[ Add-RocketCyberBaseUri ] contains a link" name="Testing the [ Built ] version of [ Celerium.RocketCyber ] with [ HelpComment.Tests.ps1 ].[ Celerium.RocketCyber ] module help tests.[ Add-RocketCyberBaseUri ].[ Add-RocketCyberBaseUri ] contains a link" time="0.0083" asserts="0" success="True" result="Success" executed="True" />
                      <test-case description="[ Add-RocketCyberBaseUri ] link should return 200" name="Testing the [ Built ] version of [ Celerium.RocketCyber ] with [ HelpComment.Tests.ps1 ].[ Celerium.RocketCyber ] module help tests.[ Add-RocketCyberBaseUri ].[ Add-RocketCyberBaseUri ] link should return 200" time="0.1022" asserts="0" success="False" result="Failure" executed="True">
                        <failure>
                          <message>Expected '200', but got $null.</message>
                          <stack-trace>at $Link.StatusCode | Should -Be '200', C:\Celerium\Projects\_API\Celerium.RocketCyber\tests\HelpComment.Tests.ps1:226
at &lt;ScriptBlock&gt;, C:\Celerium\Projects\_API\Celerium.RocketCyber\tests\HelpComment.Tests.ps1:226</stack-trace>
                        </failure>
                      </test-case>
                      <test-suite type="ParameterizedTest" name="Testing the [ Built ] version of [ Celerium.RocketCyber ] with [ HelpComment.Tests.ps1 ].[ Celerium.RocketCyber ] module help tests.[ Add-RocketCyberBaseUri ].[ Add-RocketCyberBaseUri ] - Parameter has a description - [ &lt;_.name&gt; ]" executed="True" result="Success" success="True" time="0.0105" asserts="0" description="[ Add-RocketCyberBaseUri ] - Parameter has a description - [ &lt;_.name&gt; ]">
                        <results>
                          <test-case description="[ Add-RocketCyberBaseUri ] - Parameter has a description - [ BaseUri ]" name="Testing the [ Built ] version of [ Celerium.RocketCyber ] with [ HelpComment.Tests.ps1 ].[ Celerium.RocketCyber ] module help tests.[ Add-RocketCyberBaseUri ].[ Add-RocketCyberBaseUri ] - Parameter has a description - [ BaseUri ]" time="0.0055" asserts="0" success="True" result="Success" executed="True" />
                          <test-case description="[ Add-RocketCyberBaseUri ] - Parameter has a description - [ DataCenter ]" name="Testing the [ Built ] version of [ Celerium.RocketCyber ] with [ HelpComment.Tests.ps1 ].[ Celerium.RocketCyber ] module help tests.[ Add-RocketCyberBaseUri ].[ Add-RocketCyberBaseUri ] - Parameter has a description - [ DataCenter ]" time="0.0051" asserts="0" success="True" result="Success" executed="True" />
                        </results>
                      </test-suite>
                      <test-suite type="ParameterizedTest" name="Testing the [ Built ] version of [ Celerium.RocketCyber ] with [ HelpComment.Tests.ps1 ].[ Celerium.RocketCyber ] module help tests.[ Add-RocketCyberBaseUri ].[ Add-RocketCyberBaseUri ] - Example has example code &amp; description   - [ &lt;_.title -replace '-'.''&gt; ]" executed="True" result="Success" success="True" time="0.0249" asserts="0" description="[ Add-RocketCyberBaseUri ] - Example has example code &amp; description   - [ &lt;_.title -replace '-'.''&gt; ]">
                        <results>
                          <test-case description="[ Add-RocketCyberBaseUri ] - Example has example code &amp; description   - [  EXAMPLE 1  ]" name="Testing the [ Built ] version of [ Celerium.RocketCyber ] with [ HelpComment.Tests.ps1 ].[ Celerium.RocketCyber ] module help tests.[ Add-RocketCyberBaseUri ].[ Add-RocketCyberBaseUri ] - Example has example code &amp; description   - [  EXAMPLE 1  ]" time="0.0113" asserts="0" success="True" result="Success" executed="True" />
                          <test-case description="[ Add-RocketCyberBaseUri ] - Example has example code &amp; description   - [  EXAMPLE 2  ]" name="Testing the [ Built ] version of [ Celerium.RocketCyber ] with [ HelpComment.Tests.ps1 ].[ Celerium.RocketCyber ] module help tests.[ Add-RocketCyberBaseUri ].[ Add-RocketCyberBaseUri ] - Example has example code &amp; description   - [  EXAMPLE 2  ]" time="0.0065" asserts="0" success="True" result="Success" executed="True" />
                          <test-case description="[ Add-RocketCyberBaseUri ] - Example has example code &amp; description   - [  EXAMPLE 3  ]" name="Testing the [ Built ] version of [ Celerium.RocketCyber ] with [ HelpComment.Tests.ps1 ].[ Celerium.RocketCyber ] module help tests.[ Add-RocketCyberBaseUri ].[ Add-RocketCyberBaseUri ] - Example has example code &amp; description   - [  EXAMPLE 3  ]" time="0.0071" asserts="0" success="True" result="Success" executed="True" />
                        </results>
                      </test-suite>
                    </results>
                  </test-suite>
                </results>
              </test-suite>
              <test-suite type="TestFixture" name="Testing the [ Built ] version of [ Celerium.RocketCyber ] with [ HelpComment.Tests.ps1 ].[ Celerium.RocketCyber ] module help tests" executed="True" result="Failure" success="False" time="0.6263" asserts="0" description="Testing the [ Built ] version of [ Celerium.RocketCyber ] with [ HelpComment.Tests.ps1 ].[ Celerium.RocketCyber ] module help tests">
                <results>
                  <test-suite type="TestFixture" name="Testing the [ Built ] version of [ Celerium.RocketCyber ] with [ HelpComment.Tests.ps1 ].[ Celerium.RocketCyber ] module help tests.[ ConvertTo-RocketCyberQueryString ]" executed="True" result="Failure" success="False" time="0.1643" asserts="0" description="Testing the [ Built ] version of [ Celerium.RocketCyber ] with [ HelpComment.Tests.ps1 ].[ Celerium.RocketCyber ] module help tests.[ ConvertTo-RocketCyberQueryString ]">
                    <results>
                      <test-case description="[ ConvertTo-RocketCyberQueryString ] contains comment based help" name="Testing the [ Built ] version of [ Celerium.RocketCyber ] with [ HelpComment.Tests.ps1 ].[ Celerium.RocketCyber ] module help tests.[ ConvertTo-RocketCyberQueryString ].[ ConvertTo-RocketCyberQueryString ] contains comment based help" time="0.0051" asserts="0" success="True" result="Success" executed="True" />
                      <test-case description="[ ConvertTo-RocketCyberQueryString ] contains a synopsis" name="Testing the [ Built ] version of [ Celerium.RocketCyber ] with [ HelpComment.Tests.ps1 ].[ Celerium.RocketCyber ] module help tests.[ ConvertTo-RocketCyberQueryString ].[ ConvertTo-RocketCyberQueryString ] contains a synopsis" time="0.0049" asserts="0" success="True" result="Success" executed="True" />
                      <test-case description="[ ConvertTo-RocketCyberQueryString ] contains a description" name="Testing the [ Built ] version of [ Celerium.RocketCyber ] with [ HelpComment.Tests.ps1 ].[ Celerium.RocketCyber ] module help tests.[ ConvertTo-RocketCyberQueryString ].[ ConvertTo-RocketCyberQueryString ] contains a description" time="0.0053" asserts="0" success="True" result="Success" executed="True" />
                      <test-case description="[ ConvertTo-RocketCyberQueryString ] contains at least one usage example" name="Testing the [ Built ] version of [ Celerium.RocketCyber ] with [ HelpComment.Tests.ps1 ].[ Celerium.RocketCyber ] module help tests.[ ConvertTo-RocketCyberQueryString ].[ ConvertTo-RocketCyberQueryString ] contains at least one usage example" time="0.0063" asserts="0" success="True" result="Success" executed="True" />
                      <test-case description="[ ConvertTo-RocketCyberQueryString ] contains a note" name="Testing the [ Built ] version of [ Celerium.RocketCyber ] with [ HelpComment.Tests.ps1 ].[ Celerium.RocketCyber ] module help tests.[ ConvertTo-RocketCyberQueryString ].[ ConvertTo-RocketCyberQueryString ] contains a note" time="0.009" asserts="0" success="True" result="Success" executed="True" />
                      <test-case description="[ ConvertTo-RocketCyberQueryString ] contains a link" name="Testing the [ Built ] version of [ Celerium.RocketCyber ] with [ HelpComment.Tests.ps1 ].[ Celerium.RocketCyber ] module help tests.[ ConvertTo-RocketCyberQueryString ].[ ConvertTo-RocketCyberQueryString ] contains a link" time="0.0049" asserts="0" success="True" result="Success" executed="True" />
                      <test-case description="[ ConvertTo-RocketCyberQueryString ] link should return 200" name="Testing the [ Built ] version of [ Celerium.RocketCyber ] with [ HelpComment.Tests.ps1 ].[ Celerium.RocketCyber ] module help tests.[ ConvertTo-RocketCyberQueryString ].[ ConvertTo-RocketCyberQueryString ] link should return 200" time="0.0962" asserts="0" success="False" result="Failure" executed="True">
                        <failure>
                          <message>Expected '200', but got $null.</message>
                          <stack-trace>at $Link.StatusCode | Should -Be '200', C:\Celerium\Projects\_API\Celerium.RocketCyber\tests\HelpComment.Tests.ps1:226
at &lt;ScriptBlock&gt;, C:\Celerium\Projects\_API\Celerium.RocketCyber\tests\HelpComment.Tests.ps1:226</stack-trace>
                        </failure>
                      </test-case>
                      <test-suite type="ParameterizedTest" name="Testing the [ Built ] version of [ Celerium.RocketCyber ] with [ HelpComment.Tests.ps1 ].[ Celerium.RocketCyber ] module help tests.[ ConvertTo-RocketCyberQueryString ].[ ConvertTo-RocketCyberQueryString ] - Parameter has a description - [ &lt;_.name&gt; ]" executed="True" result="Success" success="True" time="0.0148" asserts="0" description="[ ConvertTo-RocketCyberQueryString ] - Parameter has a description - [ &lt;_.name&gt; ]">
                        <results>
                          <test-case description="[ ConvertTo-RocketCyberQueryString ] - Parameter has a description - [ UriFilter ]" name="Testing the [ Built ] version of [ Celerium.RocketCyber ] with [ HelpComment.Tests.ps1 ].[ Celerium.RocketCyber ] module help tests.[ ConvertTo-RocketCyberQueryString ].[ ConvertTo-RocketCyberQueryString ] - Parameter has a description - [ UriFilter ]" time="0.0053" asserts="0" success="True" result="Success" executed="True" />
                          <test-case description="[ ConvertTo-RocketCyberQueryString ] - Parameter has a description - [ ResourceUri ]" name="Testing the [ Built ] version of [ Celerium.RocketCyber ] with [ HelpComment.Tests.ps1 ].[ Celerium.RocketCyber ] module help tests.[ ConvertTo-RocketCyberQueryString ].[ ConvertTo-RocketCyberQueryString ] - Parameter has a description - [ ResourceUri ]" time="0.0095" asserts="0" success="True" result="Success" executed="True" />
                        </results>
                      </test-suite>
                      <test-suite type="ParameterizedTest" name="Testing the [ Built ] version of [ Celerium.RocketCyber ] with [ HelpComment.Tests.ps1 ].[ Celerium.RocketCyber ] module help tests.[ ConvertTo-RocketCyberQueryString ].[ ConvertTo-RocketCyberQueryString ] - Example has example code &amp; description   - [ &lt;_.title -replace '-'.''&gt; ]" executed="True" result="Success" success="True" time="0.0065" asserts="0" description="[ ConvertTo-RocketCyberQueryString ] - Example has example code &amp; description   - [ &lt;_.title -replace '-'.''&gt; ]">
                        <results>
                          <test-case description="[ ConvertTo-RocketCyberQueryString ] - Example has example code &amp; description   - [  EXAMPLE 1  ]" name="Testing the [ Built ] version of [ Celerium.RocketCyber ] with [ HelpComment.Tests.ps1 ].[ Celerium.RocketCyber ] module help tests.[ ConvertTo-RocketCyberQueryString ].[ ConvertTo-RocketCyberQueryString ] - Example has example code &amp; description   - [  EXAMPLE 1  ]" time="0.0065" asserts="0" success="True" result="Success" executed="True" />
                        </results>
                      </test-suite>
                    </results>
                  </test-suite>
                </results>
              </test-suite>
              <test-suite type="TestFixture" name="Testing the [ Built ] version of [ Celerium.RocketCyber ] with [ HelpComment.Tests.ps1 ].[ Celerium.RocketCyber ] module help tests" executed="True" result="Failure" success="False" time="0.8146" asserts="0" description="Testing the [ Built ] version of [ Celerium.RocketCyber ] with [ HelpComment.Tests.ps1 ].[ Celerium.RocketCyber ] module help tests">
                <results>
                  <test-suite type="TestFixture" name="Testing the [ Built ] version of [ Celerium.RocketCyber ] with [ HelpComment.Tests.ps1 ].[ Celerium.RocketCyber ] module help tests.[ Export-RocketCyberModuleSettings ]" executed="True" result="Failure" success="False" time="0.1807" asserts="0" description="Testing the [ Built ] version of [ Celerium.RocketCyber ] with [ HelpComment.Tests.ps1 ].[ Celerium.RocketCyber ] module help tests.[ Export-RocketCyberModuleSettings ]">
                    <results>
                      <test-case description="[ Export-RocketCyberModuleSettings ] contains comment based help" name="Testing the [ Built ] version of [ Celerium.RocketCyber ] with [ HelpComment.Tests.ps1 ].[ Celerium.RocketCyber ] module help tests.[ Export-RocketCyberModuleSettings ].[ Export-RocketCyberModuleSettings ] contains comment based help" time="0.0086" asserts="0" success="True" result="Success" executed="True" />
                      <test-case description="[ Export-RocketCyberModuleSettings ] contains a synopsis" name="Testing the [ Built ] version of [ Celerium.RocketCyber ] with [ HelpComment.Tests.ps1 ].[ Celerium.RocketCyber ] module help tests.[ Export-RocketCyberModuleSettings ].[ Export-RocketCyberModuleSettings ] contains a synopsis" time="0.0047" asserts="0" success="True" result="Success" executed="True" />
                      <test-case description="[ Export-RocketCyberModuleSettings ] contains a description" name="Testing the [ Built ] version of [ Celerium.RocketCyber ] with [ HelpComment.Tests.ps1 ].[ Celerium.RocketCyber ] module help tests.[ Export-RocketCyberModuleSettings ].[ Export-RocketCyberModuleSettings ] contains a description" time="0.0046" asserts="0" success="True" result="Success" executed="True" />
                      <test-case description="[ Export-RocketCyberModuleSettings ] contains at least one usage example" name="Testing the [ Built ] version of [ Celerium.RocketCyber ] with [ HelpComment.Tests.ps1 ].[ Celerium.RocketCyber ] module help tests.[ Export-RocketCyberModuleSettings ].[ Export-RocketCyberModuleSettings ] contains at least one usage example" time="0.0061" asserts="0" success="True" result="Success" executed="True" />
                      <test-case description="[ Export-RocketCyberModuleSettings ] contains a note" name="Testing the [ Built ] version of [ Celerium.RocketCyber ] with [ HelpComment.Tests.ps1 ].[ Celerium.RocketCyber ] module help tests.[ Export-RocketCyberModuleSettings ].[ Export-RocketCyberModuleSettings ] contains a note" time="0.0046" asserts="0" success="True" result="Success" executed="True" />
                      <test-case description="[ Export-RocketCyberModuleSettings ] contains a link" name="Testing the [ Built ] version of [ Celerium.RocketCyber ] with [ HelpComment.Tests.ps1 ].[ Celerium.RocketCyber ] module help tests.[ Export-RocketCyberModuleSettings ].[ Export-RocketCyberModuleSettings ] contains a link" time="0.0046" asserts="0" success="True" result="Success" executed="True" />
                      <test-case description="[ Export-RocketCyberModuleSettings ] link should return 200" name="Testing the [ Built ] version of [ Celerium.RocketCyber ] with [ HelpComment.Tests.ps1 ].[ Celerium.RocketCyber ] module help tests.[ Export-RocketCyberModuleSettings ].[ Export-RocketCyberModuleSettings ] link should return 200" time="0.109" asserts="0" success="False" result="Failure" executed="True">
                        <failure>
                          <message>Expected '200', but got $null.</message>
                          <stack-trace>at $Link.StatusCode | Should -Be '200', C:\Celerium\Projects\_API\Celerium.RocketCyber\tests\HelpComment.Tests.ps1:226
at &lt;ScriptBlock&gt;, C:\Celerium\Projects\_API\Celerium.RocketCyber\tests\HelpComment.Tests.ps1:226</stack-trace>
                        </failure>
                      </test-case>
                      <test-suite type="ParameterizedTest" name="Testing the [ Built ] version of [ Celerium.RocketCyber ] with [ HelpComment.Tests.ps1 ].[ Celerium.RocketCyber ] module help tests.[ Export-RocketCyberModuleSettings ].[ Export-RocketCyberModuleSettings ] - Parameter has a description - [ &lt;_.name&gt; ]" executed="True" result="Success" success="True" time="0.0105" asserts="0" description="[ Export-RocketCyberModuleSettings ] - Parameter has a description - [ &lt;_.name&gt; ]">
                        <results>
                          <test-case description="[ Export-RocketCyberModuleSettings ] - Parameter has a description - [ RocketCyberConfigPath ]" name="Testing the [ Built ] version of [ Celerium.RocketCyber ] with [ HelpComment.Tests.ps1 ].[ Celerium.RocketCyber ] module help tests.[ Export-RocketCyberModuleSettings ].[ Export-RocketCyberModuleSettings ] - Parameter has a description - [ RocketCyberConfigPath ]" time="0.0053" asserts="0" success="True" result="Success" executed="True" />
                          <test-case description="[ Export-RocketCyberModuleSettings ] - Parameter has a description - [ RocketCyberConfigFile ]" name="Testing the [ Built ] version of [ Celerium.RocketCyber ] with [ HelpComment.Tests.ps1 ].[ Celerium.RocketCyber ] module help tests.[ Export-RocketCyberModuleSettings ].[ Export-RocketCyberModuleSettings ] - Parameter has a description - [ RocketCyberConfigFile ]" time="0.0052" asserts="0" success="True" result="Success" executed="True" />
                        </results>
                      </test-suite>
                      <test-suite type="ParameterizedTest" name="Testing the [ Built ] version of [ Celerium.RocketCyber ] with [ HelpComment.Tests.ps1 ].[ Celerium.RocketCyber ] module help tests.[ Export-RocketCyberModuleSettings ].[ Export-RocketCyberModuleSettings ] - Example has example code &amp; description   - [ &lt;_.title -replace '-'.''&gt; ]" executed="True" result="Success" success="True" time="0.0174" asserts="0" description="[ Export-RocketCyberModuleSettings ] - Example has example code &amp; description   - [ &lt;_.title -replace '-'.''&gt; ]">
                        <results>
                          <test-case description="[ Export-RocketCyberModuleSettings ] - Example has example code &amp; description   - [  EXAMPLE 1  ]" name="Testing the [ Built ] version of [ Celerium.RocketCyber ] with [ HelpComment.Tests.ps1 ].[ Celerium.RocketCyber ] module help tests.[ Export-RocketCyberModuleSettings ].[ Export-RocketCyberModuleSettings ] - Example has example code &amp; description   - [  EXAMPLE 1  ]" time="0.0107" asserts="0" success="True" result="Success" executed="True" />
                          <test-case description="[ Export-RocketCyberModuleSettings ] - Example has example code &amp; description   - [  EXAMPLE 2  ]" name="Testing the [ Built ] version of [ Celerium.RocketCyber ] with [ HelpComment.Tests.ps1 ].[ Celerium.RocketCyber ] module help tests.[ Export-RocketCyberModuleSettings ].[ Export-RocketCyberModuleSettings ] - Example has example code &amp; description   - [  EXAMPLE 2  ]" time="0.0067" asserts="0" success="True" result="Success" executed="True" />
                        </results>
                      </test-suite>
                    </results>
                  </test-suite>
                </results>
              </test-suite>
              <test-suite type="TestFixture" name="Testing the [ Built ] version of [ Celerium.RocketCyber ] with [ HelpComment.Tests.ps1 ].[ Celerium.RocketCyber ] module help tests" executed="True" result="Failure" success="False" time="1.0031" asserts="0" description="Testing the [ Built ] version of [ Celerium.RocketCyber ] with [ HelpComment.Tests.ps1 ].[ Celerium.RocketCyber ] module help tests">
                <results>
                  <test-suite type="TestFixture" name="Testing the [ Built ] version of [ Celerium.RocketCyber ] with [ HelpComment.Tests.ps1 ].[ Celerium.RocketCyber ] module help tests.[ Get-RocketCyberAccount ]" executed="True" result="Failure" success="False" time="0.1807" asserts="0" description="Testing the [ Built ] version of [ Celerium.RocketCyber ] with [ HelpComment.Tests.ps1 ].[ Celerium.RocketCyber ] module help tests.[ Get-RocketCyberAccount ]">
                    <results>
                      <test-case description="[ Get-RocketCyberAccount ] contains comment based help" name="Testing the [ Built ] version of [ Celerium.RocketCyber ] with [ HelpComment.Tests.ps1 ].[ Celerium.RocketCyber ] module help tests.[ Get-RocketCyberAccount ].[ Get-RocketCyberAccount ] contains comment based help" time="0.0051" asserts="0" success="True" result="Success" executed="True" />
                      <test-case description="[ Get-RocketCyberAccount ] contains a synopsis" name="Testing the [ Built ] version of [ Celerium.RocketCyber ] with [ HelpComment.Tests.ps1 ].[ Celerium.RocketCyber ] module help tests.[ Get-RocketCyberAccount ].[ Get-RocketCyberAccount ] contains a synopsis" time="0.0047" asserts="0" success="True" result="Success" executed="True" />
                      <test-case description="[ Get-RocketCyberAccount ] contains a description" name="Testing the [ Built ] version of [ Celerium.RocketCyber ] with [ HelpComment.Tests.ps1 ].[ Celerium.RocketCyber ] module help tests.[ Get-RocketCyberAccount ].[ Get-RocketCyberAccount ] contains a description" time="0.0052" asserts="0" success="True" result="Success" executed="True" />
                      <test-case description="[ Get-RocketCyberAccount ] contains at least one usage example" name="Testing the [ Built ] version of [ Celerium.RocketCyber ] with [ HelpComment.Tests.ps1 ].[ Celerium.RocketCyber ] module help tests.[ Get-RocketCyberAccount ].[ Get-RocketCyberAccount ] contains at least one usage example" time="0.0066" asserts="0" success="True" result="Success" executed="True" />
                      <test-case description="[ Get-RocketCyberAccount ] contains a note" name="Testing the [ Built ] version of [ Celerium.RocketCyber ] with [ HelpComment.Tests.ps1 ].[ Celerium.RocketCyber ] module help tests.[ Get-RocketCyberAccount ].[ Get-RocketCyberAccount ] contains a note" time="0.0047" asserts="0" success="True" result="Success" executed="True" />
                      <test-case description="[ Get-RocketCyberAccount ] contains a link" name="Testing the [ Built ] version of [ Celerium.RocketCyber ] with [ HelpComment.Tests.ps1 ].[ Celerium.RocketCyber ] module help tests.[ Get-RocketCyberAccount ].[ Get-RocketCyberAccount ] contains a link" time="0.0052" asserts="0" success="True" result="Success" executed="True" />
                      <test-case description="[ Get-RocketCyberAccount ] link should return 200" name="Testing the [ Built ] version of [ Celerium.RocketCyber ] with [ HelpComment.Tests.ps1 ].[ Celerium.RocketCyber ] module help tests.[ Get-RocketCyberAccount ].[ Get-RocketCyberAccount ] link should return 200" time="0.101" asserts="0" success="False" result="Failure" executed="True">
                        <failure>
                          <message>Expected '200', but got $null.</message>
                          <stack-trace>at $Link.StatusCode | Should -Be '200', C:\Celerium\Projects\_API\Celerium.RocketCyber\tests\HelpComment.Tests.ps1:226
at &lt;ScriptBlock&gt;, C:\Celerium\Projects\_API\Celerium.RocketCyber\tests\HelpComment.Tests.ps1:226</stack-trace>
                        </failure>
                      </test-case>
                      <test-suite type="ParameterizedTest" name="Testing the [ Built ] version of [ Celerium.RocketCyber ] with [ HelpComment.Tests.ps1 ].[ Celerium.RocketCyber ] module help tests.[ Get-RocketCyberAccount ].[ Get-RocketCyberAccount ] - Parameter has a description - [ &lt;_.name&gt; ]" executed="True" result="Success" success="True" time="0.0102" asserts="0" description="[ Get-RocketCyberAccount ] - Parameter has a description - [ &lt;_.name&gt; ]">
                        <results>
                          <test-case description="[ Get-RocketCyberAccount ] - Parameter has a description - [ AccountId ]" name="Testing the [ Built ] version of [ Celerium.RocketCyber ] with [ HelpComment.Tests.ps1 ].[ Celerium.RocketCyber ] module help tests.[ Get-RocketCyberAccount ].[ Get-RocketCyberAccount ] - Parameter has a description - [ AccountId ]" time="0.0052" asserts="0" success="True" result="Success" executed="True" />
                          <test-case description="[ Get-RocketCyberAccount ] - Parameter has a description - [ Details ]" name="Testing the [ Built ] version of [ Celerium.RocketCyber ] with [ HelpComment.Tests.ps1 ].[ Celerium.RocketCyber ] module help tests.[ Get-RocketCyberAccount ].[ Get-RocketCyberAccount ] - Parameter has a description - [ Details ]" time="0.005" asserts="0" success="True" result="Success" executed="True" />
                        </results>
                      </test-suite>
                      <test-suite type="ParameterizedTest" name="Testing the [ Built ] version of [ Celerium.RocketCyber ] with [ HelpComment.Tests.ps1 ].[ Celerium.RocketCyber ] module help tests.[ Get-RocketCyberAccount ].[ Get-RocketCyberAccount ] - Example has example code &amp; description   - [ &lt;_.title -replace '-'.''&gt; ]" executed="True" result="Success" success="True" time="0.0237" asserts="0" description="[ Get-RocketCyberAccount ] - Example has example code &amp; description   - [ &lt;_.title -replace '-'.''&gt; ]">
                        <results>
                          <test-case description="[ Get-RocketCyberAccount ] - Example has example code &amp; description   - [  EXAMPLE 1  ]" name="Testing the [ Built ] version of [ Celerium.RocketCyber ] with [ HelpComment.Tests.ps1 ].[ Celerium.RocketCyber ] module help tests.[ Get-RocketCyberAccount ].[ Get-RocketCyberAccount ] - Example has example code &amp; description   - [  EXAMPLE 1  ]" time="0.0067" asserts="0" success="True" result="Success" executed="True" />
                          <test-case description="[ Get-RocketCyberAccount ] - Example has example code &amp; description   - [  EXAMPLE 2  ]" name="Testing the [ Built ] version of [ Celerium.RocketCyber ] with [ HelpComment.Tests.ps1 ].[ Celerium.RocketCyber ] module help tests.[ Get-RocketCyberAccount ].[ Get-RocketCyberAccount ] - Example has example code &amp; description   - [  EXAMPLE 2  ]" time="0.0102" asserts="0" success="True" result="Success" executed="True" />
                          <test-case description="[ Get-RocketCyberAccount ] - Example has example code &amp; description   - [  EXAMPLE 3  ]" name="Testing the [ Built ] version of [ Celerium.RocketCyber ] with [ HelpComment.Tests.ps1 ].[ Celerium.RocketCyber ] module help tests.[ Get-RocketCyberAccount ].[ Get-RocketCyberAccount ] - Example has example code &amp; description   - [  EXAMPLE 3  ]" time="0.0069" asserts="0" success="True" result="Success" executed="True" />
                        </results>
                      </test-suite>
                    </results>
                  </test-suite>
                </results>
              </test-suite>
              <test-suite type="TestFixture" name="Testing the [ Built ] version of [ Celerium.RocketCyber ] with [ HelpComment.Tests.ps1 ].[ Celerium.RocketCyber ] module help tests" executed="True" result="Failure" success="False" time="1.2772" asserts="0" description="Testing the [ Built ] version of [ Celerium.RocketCyber ] with [ HelpComment.Tests.ps1 ].[ Celerium.RocketCyber ] module help tests">
                <results>
                  <test-suite type="TestFixture" name="Testing the [ Built ] version of [ Celerium.RocketCyber ] with [ HelpComment.Tests.ps1 ].[ Celerium.RocketCyber ] module help tests.[ Get-RocketCyberAgent ]" executed="True" result="Failure" success="False" time="0.266" asserts="0" description="Testing the [ Built ] version of [ Celerium.RocketCyber ] with [ HelpComment.Tests.ps1 ].[ Celerium.RocketCyber ] module help tests.[ Get-RocketCyberAgent ]">
                    <results>
                      <test-case description="[ Get-RocketCyberAgent ] contains comment based help" name="Testing the [ Built ] version of [ Celerium.RocketCyber ] with [ HelpComment.Tests.ps1 ].[ Celerium.RocketCyber ] module help tests.[ Get-RocketCyberAgent ].[ Get-RocketCyberAgent ] contains comment based help" time="0.0094" asserts="0" success="True" result="Success" executed="True" />
                      <test-case description="[ Get-RocketCyberAgent ] contains a synopsis" name="Testing the [ Built ] version of [ Celerium.RocketCyber ] with [ HelpComment.Tests.ps1 ].[ Celerium.RocketCyber ] module help tests.[ Get-RocketCyberAgent ].[ Get-RocketCyberAgent ] contains a synopsis" time="0.0051" asserts="0" success="True" result="Success" executed="True" />
                      <test-case description="[ Get-RocketCyberAgent ] contains a description" name="Testing the [ Built ] version of [ Celerium.RocketCyber ] with [ HelpComment.Tests.ps1 ].[ Celerium.RocketCyber ] module help tests.[ Get-RocketCyberAgent ].[ Get-RocketCyberAgent ] contains a description" time="0.0047" asserts="0" success="True" result="Success" executed="True" />
                      <test-case description="[ Get-RocketCyberAgent ] contains at least one usage example" name="Testing the [ Built ] version of [ Celerium.RocketCyber ] with [ HelpComment.Tests.ps1 ].[ Celerium.RocketCyber ] module help tests.[ Get-RocketCyberAgent ].[ Get-RocketCyberAgent ] contains at least one usage example" time="0.0062" asserts="0" success="True" result="Success" executed="True" />
                      <test-case description="[ Get-RocketCyberAgent ] contains a note" name="Testing the [ Built ] version of [ Celerium.RocketCyber ] with [ HelpComment.Tests.ps1 ].[ Celerium.RocketCyber ] module help tests.[ Get-RocketCyberAgent ].[ Get-RocketCyberAgent ] contains a note" time="0.0048" asserts="0" success="True" result="Success" executed="True" />
                      <test-case description="[ Get-RocketCyberAgent ] contains a link" name="Testing the [ Built ] version of [ Celerium.RocketCyber ] with [ HelpComment.Tests.ps1 ].[ Celerium.RocketCyber ] module help tests.[ Get-RocketCyberAgent ].[ Get-RocketCyberAgent ] contains a link" time="0.0047" asserts="0" success="True" result="Success" executed="True" />
                      <test-case description="[ Get-RocketCyberAgent ] link should return 200" name="Testing the [ Built ] version of [ Celerium.RocketCyber ] with [ HelpComment.Tests.ps1 ].[ Celerium.RocketCyber ] module help tests.[ Get-RocketCyberAgent ].[ Get-RocketCyberAgent ] link should return 200" time="0.099" asserts="0" success="False" result="Failure" executed="True">
                        <failure>
                          <message>Expected '200', but got $null.</message>
                          <stack-trace>at $Link.StatusCode | Should -Be '200', C:\Celerium\Projects\_API\Celerium.RocketCyber\tests\HelpComment.Tests.ps1:226
at &lt;ScriptBlock&gt;, C:\Celerium\Projects\_API\Celerium.RocketCyber\tests\HelpComment.Tests.ps1:226</stack-trace>
                        </failure>
                      </test-case>
                      <test-suite type="ParameterizedTest" name="Testing the [ Built ] version of [ Celerium.RocketCyber ] with [ HelpComment.Tests.ps1 ].[ Celerium.RocketCyber ] module help tests.[ Get-RocketCyberAgent ].[ Get-RocketCyberAgent ] - Parameter has a description - [ &lt;_.name&gt; ]" executed="True" result="Success" success="True" time="0.0851" asserts="0" description="[ Get-RocketCyberAgent ] - Parameter has a description - [ &lt;_.name&gt; ]">
                        <results>
                          <test-case description="[ Get-RocketCyberAgent ] - Parameter has a description - [ AccountId ]" name="Testing the [ Built ] version of [ Celerium.RocketCyber ] with [ HelpComment.Tests.ps1 ].[ Celerium.RocketCyber ] module help tests.[ Get-RocketCyberAgent ].[ Get-RocketCyberAgent ] - Parameter has a description - [ AccountId ]" time="0.0052" asserts="0" success="True" result="Success" executed="True" />
                          <test-case description="[ Get-RocketCyberAgent ] - Parameter has a description - [ ID ]" name="Testing the [ Built ] version of [ Celerium.RocketCyber ] with [ HelpComment.Tests.ps1 ].[ Celerium.RocketCyber ] module help tests.[ Get-RocketCyberAgent ].[ Get-RocketCyberAgent ] - Parameter has a description - [ ID ]" time="0.0064" asserts="0" success="True" result="Success" executed="True" />
                          <test-case description="[ Get-RocketCyberAgent ] - Parameter has a description - [ Hostname ]" name="Testing the [ Built ] version of [ Celerium.RocketCyber ] with [ HelpComment.Tests.ps1 ].[ Celerium.RocketCyber ] module help tests.[ Get-RocketCyberAgent ].[ Get-RocketCyberAgent ] - Parameter has a description - [ Hostname ]" time="0.0052" asserts="0" success="True" result="Success" executed="True" />
                          <test-case description="[ Get-RocketCyberAgent ] - Parameter has a description - [ IP ]" name="Testing the [ Built ] version of [ Celerium.RocketCyber ] with [ HelpComment.Tests.ps1 ].[ Celerium.RocketCyber ] module help tests.[ Get-RocketCyberAgent ].[ Get-RocketCyberAgent ] - Parameter has a description - [ IP ]" time="0.0083" asserts="0" success="True" result="Success" executed="True" />
                          <test-case description="[ Get-RocketCyberAgent ] - Parameter has a description - [ Created ]" name="Testing the [ Built ] version of [ Celerium.RocketCyber ] with [ HelpComment.Tests.ps1 ].[ Celerium.RocketCyber ] module help tests.[ Get-RocketCyberAgent ].[ Get-RocketCyberAgent ] - Parameter has a description - [ Created ]" time="0.0054" asserts="0" success="True" result="Success" executed="True" />
                          <test-case description="[ Get-RocketCyberAgent ] - Parameter has a description - [ StartDate ]" name="Testing the [ Built ] version of [ Celerium.RocketCyber ] with [ HelpComment.Tests.ps1 ].[ Celerium.RocketCyber ] module help tests.[ Get-RocketCyberAgent ].[ Get-RocketCyberAgent ] - Parameter has a description - [ StartDate ]" time="0.005" asserts="0" success="True" result="Success" executed="True" />
                          <test-case description="[ Get-RocketCyberAgent ] - Parameter has a description - [ EndDate ]" name="Testing the [ Built ] version of [ Celerium.RocketCyber ] with [ HelpComment.Tests.ps1 ].[ Celerium.RocketCyber ] module help tests.[ Get-RocketCyberAgent ].[ Get-RocketCyberAgent ] - Parameter has a description - [ EndDate ]" time="0.0055" asserts="0" success="True" result="Success" executed="True" />
                          <test-case description="[ Get-RocketCyberAgent ] - Parameter has a description - [ OS ]" name="Testing the [ Built ] version of [ Celerium.RocketCyber ] with [ HelpComment.Tests.ps1 ].[ Celerium.RocketCyber ] module help tests.[ Get-RocketCyberAgent ].[ Get-RocketCyberAgent ] - Parameter has a description - [ OS ]" time="0.0052" asserts="0" success="True" result="Success" executed="True" />
                          <test-case description="[ Get-RocketCyberAgent ] - Parameter has a description - [ Version ]" name="Testing the [ Built ] version of [ Celerium.RocketCyber ] with [ HelpComment.Tests.ps1 ].[ Celerium.RocketCyber ] module help tests.[ Get-RocketCyberAgent ].[ Get-RocketCyberAgent ] - Parameter has a description - [ Version ]" time="0.0076" asserts="0" success="True" result="Success" executed="True" />
                          <test-case description="[ Get-RocketCyberAgent ] - Parameter has a description - [ Connectivity ]" name="Testing the [ Built ] version of [ Celerium.RocketCyber ] with [ HelpComment.Tests.ps1 ].[ Celerium.RocketCyber ] module help tests.[ Get-RocketCyberAgent ].[ Get-RocketCyberAgent ] - Parameter has a description - [ Connectivity ]" time="0.0053" asserts="0" success="True" result="Success" executed="True" />
                          <test-case description="[ Get-RocketCyberAgent ] - Parameter has a description - [ Page ]" name="Testing the [ Built ] version of [ Celerium.RocketCyber ] with [ HelpComment.Tests.ps1 ].[ Celerium.RocketCyber ] module help tests.[ Get-RocketCyberAgent ].[ Get-RocketCyberAgent ] - Parameter has a description - [ Page ]" time="0.0108" asserts="0" success="True" result="Success" executed="True" />
                          <test-case description="[ Get-RocketCyberAgent ] - Parameter has a description - [ PageSize ]" name="Testing the [ Built ] version of [ Celerium.RocketCyber ] with [ HelpComment.Tests.ps1 ].[ Celerium.RocketCyber ] module help tests.[ Get-RocketCyberAgent ].[ Get-RocketCyberAgent ] - Parameter has a description - [ PageSize ]" time="0.0055" asserts="0" success="True" result="Success" executed="True" />
                          <test-case description="[ Get-RocketCyberAgent ] - Parameter has a description - [ Sort ]" name="Testing the [ Built ] version of [ Celerium.RocketCyber ] with [ HelpComment.Tests.ps1 ].[ Celerium.RocketCyber ] module help tests.[ Get-RocketCyberAgent ].[ Get-RocketCyberAgent ] - Parameter has a description - [ Sort ]" time="0.0049" asserts="0" success="True" result="Success" executed="True" />
                          <test-case description="[ Get-RocketCyberAgent ] - Parameter has a description - [ AllResults ]" name="Testing the [ Built ] version of [ Celerium.RocketCyber ] with [ HelpComment.Tests.ps1 ].[ Celerium.RocketCyber ] module help tests.[ Get-RocketCyberAgent ].[ Get-RocketCyberAgent ] - Parameter has a description - [ AllResults ]" time="0.0048" asserts="0" success="True" result="Success" executed="True" />
                        </results>
                      </test-suite>
                      <test-suite type="ParameterizedTest" name="Testing the [ Built ] version of [ Celerium.RocketCyber ] with [ HelpComment.Tests.ps1 ].[ Celerium.RocketCyber ] module help tests.[ Get-RocketCyberAgent ].[ Get-RocketCyberAgent ] - Example has example code &amp; description   - [ &lt;_.title -replace '-'.''&gt; ]" executed="True" result="Success" success="True" time="0.03" asserts="0" description="[ Get-RocketCyberAgent ] - Example has example code &amp; description   - [ &lt;_.title -replace '-'.''&gt; ]">
                        <results>
                          <test-case description="[ Get-RocketCyberAgent ] - Example has example code &amp; description   - [  EXAMPLE 1  ]" name="Testing the [ Built ] version of [ Celerium.RocketCyber ] with [ HelpComment.Tests.ps1 ].[ Celerium.RocketCyber ] module help tests.[ Get-RocketCyberAgent ].[ Get-RocketCyberAgent ] - Example has example code &amp; description   - [  EXAMPLE 1  ]" time="0.0096" asserts="0" success="True" result="Success" executed="True" />
                          <test-case description="[ Get-RocketCyberAgent ] - Example has example code &amp; description   - [  EXAMPLE 2  ]" name="Testing the [ Built ] version of [ Celerium.RocketCyber ] with [ HelpComment.Tests.ps1 ].[ Celerium.RocketCyber ] module help tests.[ Get-RocketCyberAgent ].[ Get-RocketCyberAgent ] - Example has example code &amp; description   - [  EXAMPLE 2  ]" time="0.0062" asserts="0" success="True" result="Success" executed="True" />
                          <test-case description="[ Get-RocketCyberAgent ] - Example has example code &amp; description   - [  EXAMPLE 3  ]" name="Testing the [ Built ] version of [ Celerium.RocketCyber ] with [ HelpComment.Tests.ps1 ].[ Celerium.RocketCyber ] module help tests.[ Get-RocketCyberAgent ].[ Get-RocketCyberAgent ] - Example has example code &amp; description   - [  EXAMPLE 3  ]" time="0.0077" asserts="0" success="True" result="Success" executed="True" />
                          <test-case description="[ Get-RocketCyberAgent ] - Example has example code &amp; description   - [  EXAMPLE 4  ]" name="Testing the [ Built ] version of [ Celerium.RocketCyber ] with [ HelpComment.Tests.ps1 ].[ Celerium.RocketCyber ] module help tests.[ Get-RocketCyberAgent ].[ Get-RocketCyberAgent ] - Example has example code &amp; description   - [  EXAMPLE 4  ]" time="0.0064" asserts="0" success="True" result="Success" executed="True" />
                        </results>
                      </test-suite>
                    </results>
                  </test-suite>
                </results>
              </test-suite>
              <test-suite type="TestFixture" name="Testing the [ Built ] version of [ Celerium.RocketCyber ] with [ HelpComment.Tests.ps1 ].[ Celerium.RocketCyber ] module help tests" executed="True" result="Failure" success="False" time="1.4503" asserts="0" description="Testing the [ Built ] version of [ Celerium.RocketCyber ] with [ HelpComment.Tests.ps1 ].[ Celerium.RocketCyber ] module help tests">
                <results>
                  <test-suite type="TestFixture" name="Testing the [ Built ] version of [ Celerium.RocketCyber ] with [ HelpComment.Tests.ps1 ].[ Celerium.RocketCyber ] module help tests.[ Get-RocketCyberApiKey ]" executed="True" result="Failure" success="False" time="0.1655" asserts="0" description="Testing the [ Built ] version of [ Celerium.RocketCyber ] with [ HelpComment.Tests.ps1 ].[ Celerium.RocketCyber ] module help tests.[ Get-RocketCyberApiKey ]">
                    <results>
                      <test-case description="[ Get-RocketCyberApiKey ] contains comment based help" name="Testing the [ Built ] version of [ Celerium.RocketCyber ] with [ HelpComment.Tests.ps1 ].[ Celerium.RocketCyber ] module help tests.[ Get-RocketCyberApiKey ].[ Get-RocketCyberApiKey ] contains comment based help" time="0.0055" asserts="0" success="True" result="Success" executed="True" />
                      <test-case description="[ Get-RocketCyberApiKey ] contains a synopsis" name="Testing the [ Built ] version of [ Celerium.RocketCyber ] with [ HelpComment.Tests.ps1 ].[ Celerium.RocketCyber ] module help tests.[ Get-RocketCyberApiKey ].[ Get-RocketCyberApiKey ] contains a synopsis" time="0.0047" asserts="0" success="True" result="Success" executed="True" />
                      <test-case description="[ Get-RocketCyberApiKey ] contains a description" name="Testing the [ Built ] version of [ Celerium.RocketCyber ] with [ HelpComment.Tests.ps1 ].[ Celerium.RocketCyber ] module help tests.[ Get-RocketCyberApiKey ].[ Get-RocketCyberApiKey ] contains a description" time="0.0046" asserts="0" success="True" result="Success" executed="True" />
                      <test-case description="[ Get-RocketCyberApiKey ] contains at least one usage example" name="Testing the [ Built ] version of [ Celerium.RocketCyber ] with [ HelpComment.Tests.ps1 ].[ Celerium.RocketCyber ] module help tests.[ Get-RocketCyberApiKey ].[ Get-RocketCyberApiKey ] contains at least one usage example" time="0.0101" asserts="0" success="True" result="Success" executed="True" />
                      <test-case description="[ Get-RocketCyberApiKey ] contains a note" name="Testing the [ Built ] version of [ Celerium.RocketCyber ] with [ HelpComment.Tests.ps1 ].[ Celerium.RocketCyber ] module help tests.[ Get-RocketCyberApiKey ].[ Get-RocketCyberApiKey ] contains a note" time="0.0046" asserts="0" success="True" result="Success" executed="True" />
                      <test-case description="[ Get-RocketCyberApiKey ] contains a link" name="Testing the [ Built ] version of [ Celerium.RocketCyber ] with [ HelpComment.Tests.ps1 ].[ Celerium.RocketCyber ] module help tests.[ Get-RocketCyberApiKey ].[ Get-RocketCyberApiKey ] contains a link" time="0.0047" asserts="0" success="True" result="Success" executed="True" />
                      <test-case description="[ Get-RocketCyberApiKey ] link should return 200" name="Testing the [ Built ] version of [ Celerium.RocketCyber ] with [ HelpComment.Tests.ps1 ].[ Celerium.RocketCyber ] module help tests.[ Get-RocketCyberApiKey ].[ Get-RocketCyberApiKey ] link should return 200" time="0.1019" asserts="0" success="False" result="Failure" executed="True">
                        <failure>
                          <message>Expected '200', but got $null.</message>
                          <stack-trace>at $Link.StatusCode | Should -Be '200', C:\Celerium\Projects\_API\Celerium.RocketCyber\tests\HelpComment.Tests.ps1:226
at &lt;ScriptBlock&gt;, C:\Celerium\Projects\_API\Celerium.RocketCyber\tests\HelpComment.Tests.ps1:226</stack-trace>
                        </failure>
                      </test-case>
                      <test-suite type="ParameterizedTest" name="Testing the [ Built ] version of [ Celerium.RocketCyber ] with [ HelpComment.Tests.ps1 ].[ Celerium.RocketCyber ] module help tests.[ Get-RocketCyberApiKey ].[ Get-RocketCyberApiKey ] - Parameter has a description - [ &lt;_.name&gt; ]" executed="True" result="Success" success="True" time="0.0056" asserts="0" description="[ Get-RocketCyberApiKey ] - Parameter has a description - [ &lt;_.name&gt; ]">
                        <results>
                          <test-case description="[ Get-RocketCyberApiKey ] - Parameter has a description - [ AsPlainText ]" name="Testing the [ Built ] version of [ Celerium.RocketCyber ] with [ HelpComment.Tests.ps1 ].[ Celerium.RocketCyber ] module help tests.[ Get-RocketCyberApiKey ].[ Get-RocketCyberApiKey ] - Parameter has a description - [ AsPlainText ]" time="0.0056" asserts="0" success="True" result="Success" executed="True" />
                        </results>
                      </test-suite>
                      <test-suite type="ParameterizedTest" name="Testing the [ Built ] version of [ Celerium.RocketCyber ] with [ HelpComment.Tests.ps1 ].[ Celerium.RocketCyber ] module help tests.[ Get-RocketCyberApiKey ].[ Get-RocketCyberApiKey ] - Example has example code &amp; description   - [ &lt;_.title -replace '-'.''&gt; ]" executed="True" result="Success" success="True" time="0.0135" asserts="0" description="[ Get-RocketCyberApiKey ] - Example has example code &amp; description   - [ &lt;_.title -replace '-'.''&gt; ]">
                        <results>
                          <test-case description="[ Get-RocketCyberApiKey ] - Example has example code &amp; description   - [  EXAMPLE 1  ]" name="Testing the [ Built ] version of [ Celerium.RocketCyber ] with [ HelpComment.Tests.ps1 ].[ Celerium.RocketCyber ] module help tests.[ Get-RocketCyberApiKey ].[ Get-RocketCyberApiKey ] - Example has example code &amp; description   - [  EXAMPLE 1  ]" time="0.0064" asserts="0" success="True" result="Success" executed="True" />
                          <test-case description="[ Get-RocketCyberApiKey ] - Example has example code &amp; description   - [  EXAMPLE 2  ]" name="Testing the [ Built ] version of [ Celerium.RocketCyber ] with [ HelpComment.Tests.ps1 ].[ Celerium.RocketCyber ] module help tests.[ Get-RocketCyberApiKey ].[ Get-RocketCyberApiKey ] - Example has example code &amp; description   - [  EXAMPLE 2  ]" time="0.0071" asserts="0" success="True" result="Success" executed="True" />
                        </results>
                      </test-suite>
                    </results>
                  </test-suite>
                </results>
              </test-suite>
              <test-suite type="TestFixture" name="Testing the [ Built ] version of [ Celerium.RocketCyber ] with [ HelpComment.Tests.ps1 ].[ Celerium.RocketCyber ] module help tests" executed="True" result="Failure" success="False" time="1.6432" asserts="0" description="Testing the [ Built ] version of [ Celerium.RocketCyber ] with [ HelpComment.Tests.ps1 ].[ Celerium.RocketCyber ] module help tests">
                <results>
                  <test-suite type="TestFixture" name="Testing the [ Built ] version of [ Celerium.RocketCyber ] with [ HelpComment.Tests.ps1 ].[ Celerium.RocketCyber ] module help tests.[ Get-RocketCyberApp ]" executed="True" result="Failure" success="False" time="0.1813" asserts="0" description="Testing the [ Built ] version of [ Celerium.RocketCyber ] with [ HelpComment.Tests.ps1 ].[ Celerium.RocketCyber ] module help tests.[ Get-RocketCyberApp ]">
                    <results>
                      <test-case description="[ Get-RocketCyberApp ] contains comment based help" name="Testing the [ Built ] version of [ Celerium.RocketCyber ] with [ HelpComment.Tests.ps1 ].[ Celerium.RocketCyber ] module help tests.[ Get-RocketCyberApp ].[ Get-RocketCyberApp ] contains comment based help" time="0.005" asserts="0" success="True" result="Success" executed="True" />
                      <test-case description="[ Get-RocketCyberApp ] contains a synopsis" name="Testing the [ Built ] version of [ Celerium.RocketCyber ] with [ HelpComment.Tests.ps1 ].[ Celerium.RocketCyber ] module help tests.[ Get-RocketCyberApp ].[ Get-RocketCyberApp ] contains a synopsis" time="0.0048" asserts="0" success="True" result="Success" executed="True" />
                      <test-case description="[ Get-RocketCyberApp ] contains a description" name="Testing the [ Built ] version of [ Celerium.RocketCyber ] with [ HelpComment.Tests.ps1 ].[ Celerium.RocketCyber ] module help tests.[ Get-RocketCyberApp ].[ Get-RocketCyberApp ] contains a description" time="0.0049" asserts="0" success="True" result="Success" executed="True" />
                      <test-case description="[ Get-RocketCyberApp ] contains at least one usage example" name="Testing the [ Built ] version of [ Celerium.RocketCyber ] with [ HelpComment.Tests.ps1 ].[ Celerium.RocketCyber ] module help tests.[ Get-RocketCyberApp ].[ Get-RocketCyberApp ] contains at least one usage example" time="0.0061" asserts="0" success="True" result="Success" executed="True" />
                      <test-case description="[ Get-RocketCyberApp ] contains a note" name="Testing the [ Built ] version of [ Celerium.RocketCyber ] with [ HelpComment.Tests.ps1 ].[ Celerium.RocketCyber ] module help tests.[ Get-RocketCyberApp ].[ Get-RocketCyberApp ] contains a note" time="0.0092" asserts="0" success="True" result="Success" executed="True" />
                      <test-case description="[ Get-RocketCyberApp ] contains a link" name="Testing the [ Built ] version of [ Celerium.RocketCyber ] with [ HelpComment.Tests.ps1 ].[ Celerium.RocketCyber ] module help tests.[ Get-RocketCyberApp ].[ Get-RocketCyberApp ] contains a link" time="0.0046" asserts="0" success="True" result="Success" executed="True" />
                      <test-case description="[ Get-RocketCyberApp ] link should return 200" name="Testing the [ Built ] version of [ Celerium.RocketCyber ] with [ HelpComment.Tests.ps1 ].[ Celerium.RocketCyber ] module help tests.[ Get-RocketCyberApp ].[ Get-RocketCyberApp ] link should return 200" time="0.0996" asserts="0" success="False" result="Failure" executed="True">
                        <failure>
                          <message>Expected '200', but got $null.</message>
                          <stack-trace>at $Link.StatusCode | Should -Be '200', C:\Celerium\Projects\_API\Celerium.RocketCyber\tests\HelpComment.Tests.ps1:226
at &lt;ScriptBlock&gt;, C:\Celerium\Projects\_API\Celerium.RocketCyber\tests\HelpComment.Tests.ps1:226</stack-trace>
                        </failure>
                      </test-case>
                      <test-suite type="ParameterizedTest" name="Testing the [ Built ] version of [ Celerium.RocketCyber ] with [ HelpComment.Tests.ps1 ].[ Celerium.RocketCyber ] module help tests.[ Get-RocketCyberApp ].[ Get-RocketCyberApp ] - Parameter has a description - [ &lt;_.name&gt; ]" executed="True" result="Success" success="True" time="0.0153" asserts="0" description="[ Get-RocketCyberApp ] - Parameter has a description - [ &lt;_.name&gt; ]">
                        <results>
                          <test-case description="[ Get-RocketCyberApp ] - Parameter has a description - [ AccountId ]" name="Testing the [ Built ] version of [ Celerium.RocketCyber ] with [ HelpComment.Tests.ps1 ].[ Celerium.RocketCyber ] module help tests.[ Get-RocketCyberApp ].[ Get-RocketCyberApp ] - Parameter has a description - [ AccountId ]" time="0.0052" asserts="0" success="True" result="Success" executed="True" />
                          <test-case description="[ Get-RocketCyberApp ] - Parameter has a description - [ Status ]" name="Testing the [ Built ] version of [ Celerium.RocketCyber ] with [ HelpComment.Tests.ps1 ].[ Celerium.RocketCyber ] module help tests.[ Get-RocketCyberApp ].[ Get-RocketCyberApp ] - Parameter has a description - [ Status ]" time="0.01" asserts="0" success="True" result="Success" executed="True" />
                        </results>
                      </test-suite>
                      <test-suite type="ParameterizedTest" name="Testing the [ Built ] version of [ Celerium.RocketCyber ] with [ HelpComment.Tests.ps1 ].[ Celerium.RocketCyber ] module help tests.[ Get-RocketCyberApp ].[ Get-RocketCyberApp ] - Example has example code &amp; description   - [ &lt;_.title -replace '-'.''&gt; ]" executed="True" result="Success" success="True" time="0.0203" asserts="0" description="[ Get-RocketCyberApp ] - Example has example code &amp; description   - [ &lt;_.title -replace '-'.''&gt; ]">
                        <results>
                          <test-case description="[ Get-RocketCyberApp ] - Example has example code &amp; description   - [  EXAMPLE 1  ]" name="Testing the [ Built ] version of [ Celerium.RocketCyber ] with [ HelpComment.Tests.ps1 ].[ Celerium.RocketCyber ] module help tests.[ Get-RocketCyberApp ].[ Get-RocketCyberApp ] - Example has example code &amp; description   - [  EXAMPLE 1  ]" time="0.0066" asserts="0" success="True" result="Success" executed="True" />
                          <test-case description="[ Get-RocketCyberApp ] - Example has example code &amp; description   - [  EXAMPLE 2  ]" name="Testing the [ Built ] version of [ Celerium.RocketCyber ] with [ HelpComment.Tests.ps1 ].[ Celerium.RocketCyber ] module help tests.[ Get-RocketCyberApp ].[ Get-RocketCyberApp ] - Example has example code &amp; description   - [  EXAMPLE 2  ]" time="0.0072" asserts="0" success="True" result="Success" executed="True" />
                          <test-case description="[ Get-RocketCyberApp ] - Example has example code &amp; description   - [  EXAMPLE 3  ]" name="Testing the [ Built ] version of [ Celerium.RocketCyber ] with [ HelpComment.Tests.ps1 ].[ Celerium.RocketCyber ] module help tests.[ Get-RocketCyberApp ].[ Get-RocketCyberApp ] - Example has example code &amp; description   - [  EXAMPLE 3  ]" time="0.0066" asserts="0" success="True" result="Success" executed="True" />
                        </results>
                      </test-suite>
                    </results>
                  </test-suite>
                </results>
              </test-suite>
              <test-suite type="TestFixture" name="Testing the [ Built ] version of [ Celerium.RocketCyber ] with [ HelpComment.Tests.ps1 ].[ Celerium.RocketCyber ] module help tests" executed="True" result="Failure" success="False" time="1.8113" asserts="0" description="Testing the [ Built ] version of [ Celerium.RocketCyber ] with [ HelpComment.Tests.ps1 ].[ Celerium.RocketCyber ] module help tests">
                <results>
                  <test-suite type="TestFixture" name="Testing the [ Built ] version of [ Celerium.RocketCyber ] with [ HelpComment.Tests.ps1 ].[ Celerium.RocketCyber ] module help tests.[ Get-RocketCyberBaseUri ]" executed="True" result="Failure" success="False" time="0.1571" asserts="0" description="Testing the [ Built ] version of [ Celerium.RocketCyber ] with [ HelpComment.Tests.ps1 ].[ Celerium.RocketCyber ] module help tests.[ Get-RocketCyberBaseUri ]">
                    <results>
                      <test-case description="[ Get-RocketCyberBaseUri ] contains comment based help" name="Testing the [ Built ] version of [ Celerium.RocketCyber ] with [ HelpComment.Tests.ps1 ].[ Celerium.RocketCyber ] module help tests.[ Get-RocketCyberBaseUri ].[ Get-RocketCyberBaseUri ] contains comment based help" time="0.0053" asserts="0" success="True" result="Success" executed="True" />
                      <test-case description="[ Get-RocketCyberBaseUri ] contains a synopsis" name="Testing the [ Built ] version of [ Celerium.RocketCyber ] with [ HelpComment.Tests.ps1 ].[ Celerium.RocketCyber ] module help tests.[ Get-RocketCyberBaseUri ].[ Get-RocketCyberBaseUri ] contains a synopsis" time="0.0046" asserts="0" success="True" result="Success" executed="True" />
                      <test-case description="[ Get-RocketCyberBaseUri ] contains a description" name="Testing the [ Built ] version of [ Celerium.RocketCyber ] with [ HelpComment.Tests.ps1 ].[ Celerium.RocketCyber ] module help tests.[ Get-RocketCyberBaseUri ].[ Get-RocketCyberBaseUri ] contains a description" time="0.0047" asserts="0" success="True" result="Success" executed="True" />
                      <test-case description="[ Get-RocketCyberBaseUri ] contains at least one usage example" name="Testing the [ Built ] version of [ Celerium.RocketCyber ] with [ HelpComment.Tests.ps1 ].[ Celerium.RocketCyber ] module help tests.[ Get-RocketCyberBaseUri ].[ Get-RocketCyberBaseUri ] contains at least one usage example" time="0.0065" asserts="0" success="True" result="Success" executed="True" />
[...]
                  <test-case description="Should accept a value from the pipeline" name="Testing [ Add-RocketCyberBaseURI ] functions with [ Add-RocketCyberBaseURI.Tests.ps1 ].[ Add-RocketCyberBaseURI ] testing functions.Should accept a value from the pipeline" time="0.0068" asserts="0" success="True" result="Success" executed="True" />
                  <test-case description="With parameter -BaseUri  should return what was inputted" name="Testing [ Add-RocketCyberBaseURI ] functions with [ Add-RocketCyberBaseURI.Tests.ps1 ].[ Add-RocketCyberBaseURI ] testing functions.With parameter -BaseUri  should return what was inputted" time="0.0061" asserts="0" success="True" result="Success" executed="True" />
                  <test-case description="With parameter -DataCenter US should return the default URI" name="Testing [ Add-RocketCyberBaseURI ] functions with [ Add-RocketCyberBaseURI.Tests.ps1 ].[ Add-RocketCyberBaseURI ] testing functions.With parameter -DataCenter US should return the default URI" time="0.0065" asserts="0" success="True" result="Success" executed="True" />
                  <test-case description="With parameter -DataCenter EU should return the default URI" name="Testing [ Add-RocketCyberBaseURI ] functions with [ Add-RocketCyberBaseURI.Tests.ps1 ].[ Add-RocketCyberBaseURI ] testing functions.With parameter -DataCenter EU should return the default URI" time="0.0061" asserts="0" success="True" result="Success" executed="True" />
                  <test-case description="With invalid parameter value -DataCenter Space should return an error" name="Testing [ Add-RocketCyberBaseURI ] functions with [ Add-RocketCyberBaseURI.Tests.ps1 ].[ Add-RocketCyberBaseURI ] testing functions.With invalid parameter value -DataCenter Space should return an error" time="0.0117" asserts="0" success="True" result="Success" executed="True" />
                  <test-case description="The default URI should NOT contain a trailing forward slash" name="Testing [ Add-RocketCyberBaseURI ] functions with [ Add-RocketCyberBaseURI.Tests.ps1 ].[ Add-RocketCyberBaseURI ] testing functions.The default URI should NOT contain a trailing forward slash" time="0.0065" asserts="0" success="True" result="Success" executed="True" />
                  <test-case description="A custom URI should NOT contain a trailing forward slash" name="Testing [ Add-RocketCyberBaseURI ] functions with [ Add-RocketCyberBaseURI.Tests.ps1 ].[ Add-RocketCyberBaseURI ] testing functions.A custom URI should NOT contain a trailing forward slash" time="0.0052" asserts="0" success="True" result="Success" executed="True" />
                </results>
              </test-suite>
            </results>
          </test-suite>
        </results>
      </test-suite>
      <test-suite type="TestFixture" name="C:\Celerium\Projects\_API\Celerium.RocketCyber\tests\Private\BaseUri\Get-RocketCyberBaseURI.Tests.ps1" executed="True" result="Success" success="True" time="0.1484" asserts="0" description="C:\Celerium\Projects\_API\Celerium.RocketCyber\tests\Private\BaseUri\Get-RocketCyberBaseURI.Tests.ps1">
        <results>
          <test-suite type="TestFixture" name="Testing [ Get-RocketCyberBaseURI ] function with [ Get-RocketCyberBaseURI.Tests.ps1 ]" executed="True" result="Success" success="True" time="0.0534" asserts="0" description="Testing [ Get-RocketCyberBaseURI ] function with [ Get-RocketCyberBaseURI.Tests.ps1 ]">
            <results>
              <test-suite type="TestFixture" name="Testing [ Get-RocketCyberBaseURI ] function with [ Get-RocketCyberBaseURI.Tests.ps1 ].[ Get-RocketCyberBaseURI ] testing function" executed="True" result="Success" success="True" time="0.0442" asserts="0" description="Testing [ Get-RocketCyberBaseURI ] function with [ Get-RocketCyberBaseURI.Tests.ps1 ].[ Get-RocketCyberBaseURI ] testing function">
                <results>
                  <test-case description="The default URI should be returned" name="Testing [ Get-RocketCyberBaseURI ] function with [ Get-RocketCyberBaseURI.Tests.ps1 ].[ Get-RocketCyberBaseURI ] testing function.The default URI should be returned" time="0.0067" asserts="0" success="True" result="Success" executed="True" />
                  <test-case description="The URI should be a string" name="Testing [ Get-RocketCyberBaseURI ] function with [ Get-RocketCyberBaseURI.Tests.ps1 ].[ Get-RocketCyberBaseURI ] testing function.The URI should be a string" time="0.0127" asserts="0" success="True" result="Success" executed="True" />
                  <test-case description="The default URI should NOT contain a trailing forward slash" name="Testing [ Get-RocketCyberBaseURI ] function with [ Get-RocketCyberBaseURI.Tests.ps1 ].[ Get-RocketCyberBaseURI ] testing function.The default URI should NOT contain a trailing forward slash" time="0.0052" asserts="0" success="True" result="Success" executed="True" />
                  <test-case description="A custom URI should NOT contain a trailing forward slash" name="Testing [ Get-RocketCyberBaseURI ] function with [ Get-RocketCyberBaseURI.Tests.ps1 ].[ Get-RocketCyberBaseURI ] testing function.A custom URI should NOT contain a trailing forward slash" time="0.0057" asserts="0" success="True" result="Success" executed="True" />
                  <test-case description="If the BaseUri is not set a warning should be thrown" name="Testing [ Get-RocketCyberBaseURI ] function with [ Get-RocketCyberBaseURI.Tests.ps1 ].[ Get-RocketCyberBaseURI ] testing function.If the BaseUri is not set a warning should be thrown" time="0.0055" asserts="0" success="True" result="Success" executed="True" />
                </results>
              </test-suite>
            </results>
          </test-suite>
        </results>
      </test-suite>
      <test-suite type="TestFixture" name="C:\Celerium\Projects\_API\Celerium.RocketCyber\tests\Private\BaseUri\Remove-RocketCyberBaseURI.Tests.ps1" executed="True" result="Success" success="True" time="0.125" asserts="0" description="C:\Celerium\Projects\_API\Celerium.RocketCyber\tests\Private\BaseUri\Remove-RocketCyberBaseURI.Tests.ps1">
        <results>
          <test-suite type="TestFixture" name="Testing [ Remove-RocketCyberBaseURI ] function with [ Remove-RocketCyberBaseURI.Tests.ps1 ]" executed="True" result="Success" success="True" time="0.0322" asserts="0" description="Testing [ Remove-RocketCyberBaseURI ] function with [ Remove-RocketCyberBaseURI.Tests.ps1 ]">
            <results>
              <test-suite type="TestFixture" name="Testing [ Remove-RocketCyberBaseURI ] function with [ Remove-RocketCyberBaseURI.Tests.ps1 ].[ Remove-RocketCyberBaseURI ] testing function" executed="True" result="Success" success="True" time="0.0215" asserts="0" description="Testing [ Remove-RocketCyberBaseURI ] function with [ Remove-RocketCyberBaseURI.Tests.ps1 ].[ Remove-RocketCyberBaseURI ] testing function">
                <results>
                  <test-case description="The BaseUri variable should not longer exist" name="Testing [ Remove-RocketCyberBaseURI ] function with [ Remove-RocketCyberBaseURI.Tests.ps1 ].[ Remove-RocketCyberBaseURI ] testing function.The BaseUri variable should not longer exist" time="0.0067" asserts="0" success="True" result="Success" executed="True" />
                  <test-case description="If the BaseUri is already gone a warning should be thrown" name="Testing [ Remove-RocketCyberBaseURI ] function with [ Remove-RocketCyberBaseURI.Tests.ps1 ].[ Remove-RocketCyberBaseURI ] testing function.If the BaseUri is already gone a warning should be thrown" time="0.006" asserts="0" success="True" result="Success" executed="True" />
                </results>
              </test-suite>
            </results>
          </test-suite>
        </results>
      </test-suite>
      <test-suite type="TestFixture" name="C:\Celerium\Projects\_API\Celerium.RocketCyber\tests\Private\ModuleSettings\Export-RocketCyberModuleSettings.Tests.ps1" executed="True" result="Success" success="True" time="0.1857" asserts="0" description="C:\Celerium\Projects\_API\Celerium.RocketCyber\tests\Private\ModuleSettings\Export-RocketCyberModuleSettings.Tests.ps1">
        <results>
          <test-suite type="TestFixture" name="Testing [ Export-RocketCyberModuleSettings ] function with [ Export-RocketCyberModuleSettings.Tests.ps1 ]" executed="True" result="Success" success="True" time="0.093" asserts="0" description="Testing [ Export-RocketCyberModuleSettings ] function with [ Export-RocketCyberModuleSettings.Tests.ps1 ]">
            <results>
              <test-suite type="TestFixture" name="Testing [ Export-RocketCyberModuleSettings ] function with [ Export-RocketCyberModuleSettings.Tests.ps1 ].[ Export-RocketCyberModuleSettings ] testing function" executed="True" result="Success" success="True" time="0.0848" asserts="0" description="Testing [ Export-RocketCyberModuleSettings ] function with [ Export-RocketCyberModuleSettings.Tests.ps1 ].[ Export-RocketCyberModuleSettings ] testing function">
                <results>
                  <test-case description="Should export successfully" name="Testing [ Export-RocketCyberModuleSettings ] function with [ Export-RocketCyberModuleSettings.Tests.ps1 ].[ Export-RocketCyberModuleSettings ] testing function.Should export successfully" time="0.0122" asserts="0" success="True" result="Success" executed="True" />
                  <test-case description="Configuration directory should be hidden" name="Testing [ Export-RocketCyberModuleSettings ] function with [ Export-RocketCyberModuleSettings.Tests.ps1 ].[ Export-RocketCyberModuleSettings ] testing function.Configuration directory should be hidden" time="0.0141" asserts="0" success="True" result="Success" executed="True" />
                  <test-case description="Configuration file should contain required values" name="Testing [ Export-RocketCyberModuleSettings ] function with [ Export-RocketCyberModuleSettings.Tests.ps1 ].[ Export-RocketCyberModuleSettings ] testing function.Configuration file should contain required values" time="0.0455" asserts="0" success="True" result="Success" executed="True" />
                </results>
              </test-suite>
            </results>
          </test-suite>
        </results>
      </test-suite>
      <test-suite type="TestFixture" name="C:\Celerium\Projects\_API\Celerium.RocketCyber\tests\Private\ModuleSettings\Get-RocketCyberModuleSettings.Tests.ps1" executed="True" result="Success" success="True" time="0.1728" asserts="0" description="C:\Celerium\Projects\_API\Celerium.RocketCyber\tests\Private\ModuleSettings\Get-RocketCyberModuleSettings.Tests.ps1">
        <results>
          <test-suite type="TestFixture" name="Testing [ Get-RocketCyberModuleSettings ] function with [ Get-RocketCyberModuleSettings.Tests.ps1 ]" executed="True" result="Success" success="True" time="0.0773" asserts="0" description="Testing [ Get-RocketCyberModuleSettings ] function with [ Get-RocketCyberModuleSettings.Tests.ps1 ]">
            <results>
              <test-suite type="TestFixture" name="Testing [ Get-RocketCyberModuleSettings ] function with [ Get-RocketCyberModuleSettings.Tests.ps1 ].[ Get-RocketCyberModuleSettings ] testing function" executed="True" result="Success" success="True" time="0.0689" asserts="0" description="Testing [ Get-RocketCyberModuleSettings ] function with [ Get-RocketCyberModuleSettings.Tests.ps1 ].[ Get-RocketCyberModuleSettings ] testing function">
                <results>
                  <test-case description="Configuration directory should be hidden" name="Testing [ Get-RocketCyberModuleSettings ] function with [ Get-RocketCyberModuleSettings.Tests.ps1 ].[ Get-RocketCyberModuleSettings ] testing function.Configuration directory should be hidden" time="0.0114" asserts="0" success="True" result="Success" executed="True" />
                  <test-case description="Configuration file should contain required values" name="Testing [ Get-RocketCyberModuleSettings ] function with [ Get-RocketCyberModuleSettings.Tests.ps1 ].[ Get-RocketCyberModuleSettings ] testing function.Configuration file should contain required values" time="0.0418" asserts="0" success="True" result="Success" executed="True" />
                </results>
              </test-suite>
            </results>
          </test-suite>
        </results>
      </test-suite>
      <test-suite type="TestFixture" name="C:\Celerium\Projects\_API\Celerium.RocketCyber\tests\Private\ModuleSettings\Import-RocketCyberModuleSettings.Tests.ps1" executed="True" result="Success" success="True" time="0.2146" asserts="0" description="C:\Celerium\Projects\_API\Celerium.RocketCyber\tests\Private\ModuleSettings\Import-RocketCyberModuleSettings.Tests.ps1">
        <results>
          <test-suite type="TestFixture" name="Testing [ Import-RocketCyberModuleSettings ] function with [ Import-RocketCyberModuleSettings.Tests.ps1 ]" executed="True" result="Success" success="True" time="0.1183" asserts="0" description="Testing [ Import-RocketCyberModuleSettings ] function with [ Import-RocketCyberModuleSettings.Tests.ps1 ]">
            <results>
              <test-suite type="TestFixture" name="Testing [ Import-RocketCyberModuleSettings ] function with [ Import-RocketCyberModuleSettings.Tests.ps1 ].[ Import-RocketCyberModuleSettings ] testing function" executed="True" result="Success" success="True" time="0.1094" asserts="0" description="Testing [ Import-RocketCyberModuleSettings ] function with [ Import-RocketCyberModuleSettings.Tests.ps1 ].[ Import-RocketCyberModuleSettings ] testing function">
                <results>
                  <test-case description="No configuration should populate baseline variables" name="Testing [ Import-RocketCyberModuleSettings ] function with [ Import-RocketCyberModuleSettings.Tests.ps1 ].[ Import-RocketCyberModuleSettings ] testing function.No configuration should populate baseline variables" time="0.0109" asserts="0" success="True" result="Success" executed="True" />
                  <test-case description="Saved configuration session should contain required variables" name="Testing [ Import-RocketCyberModuleSettings ] function with [ Import-RocketCyberModuleSettings.Tests.ps1 ].[ Import-RocketCyberModuleSettings ] testing function.Saved configuration session should contain required variables" time="0.0443" asserts="0" success="True" result="Success" executed="True" />
                  <test-case description="Saved configuration session should NOT contain temp variables" name="Testing [ Import-RocketCyberModuleSettings ] function with [ Import-RocketCyberModuleSettings.Tests.ps1 ].[ Import-RocketCyberModuleSettings ] testing function.Saved configuration session should NOT contain temp variables" time="0.0453" asserts="0" success="True" result="Success" executed="True" />
                </results>
              </test-suite>
            </results>
          </test-suite>
        </results>
      </test-suite>
      <test-suite type="TestFixture" name="C:\Celerium\Projects\_API\Celerium.RocketCyber\tests\Private\ModuleSettings\Initialize-RocketCyberModuleSettings.Tests.ps1" executed="True" result="Success" success="True" time="0.187" asserts="0" description="C:\Celerium\Projects\_API\Celerium.RocketCyber\tests\Private\ModuleSettings\Initialize-RocketCyberModuleSettings.Tests.ps1">
        <results>
          <test-suite type="TestFixture" name="Testing [ Initialize-RocketCyberModuleSettings ] function with [ Initialize-RocketCyberModuleSettings.Tests.ps1 ]" executed="True" result="Success" success="True" time="0.0948" asserts="0" description="Testing [ Initialize-RocketCyberModuleSettings ] function with [ Initialize-RocketCyberModuleSettings.Tests.ps1 ]">
            <results>
              <test-suite type="TestFixture" name="Testing [ Initialize-RocketCyberModuleSettings ] function with [ Initialize-RocketCyberModuleSettings.Tests.ps1 ].[ Initialize-RocketCyberModuleSettings ] testing function" executed="True" result="Success" success="True" time="0.0837" asserts="0" description="Testing [ Initialize-RocketCyberModuleSettings ] function with [ Initialize-RocketCyberModuleSettings.Tests.ps1 ].[ Initialize-RocketCyberModuleSettings ] testing function">
                <results>
                  <test-case description="When imported WITHOUT a saved configuration baseline variables should exist" name="Testing [ Initialize-RocketCyberModuleSettings ] function with [ Initialize-RocketCyberModuleSettings.Tests.ps1 ].[ Initialize-RocketCyberModuleSettings ] testing function.When imported WITHOUT a saved configuration baseline variables should exist" time="0.0241" asserts="0" success="True" result="Success" executed="True" />
                  <test-case description="When imported WITH a saved configuration baseline variables should exist" name="Testing [ Initialize-RocketCyberModuleSettings ] function with [ Initialize-RocketCyberModuleSettings.Tests.ps1 ].[ Initialize-RocketCyberModuleSettings ] testing function.When imported WITH a saved configuration baseline variables should exist" time="0.0497" asserts="0" success="True" result="Success" executed="True" />
                </results>
              </test-suite>
            </results>
          </test-suite>
        </results>
      </test-suite>
      <test-suite type="TestFixture" name="C:\Celerium\Projects\_API\Celerium.RocketCyber\tests\Private\ModuleSettings\Remove-RocketCyberModuleSettings.Tests.ps1" executed="True" result="Success" success="True" time="0.156" asserts="0" description="C:\Celerium\Projects\_API\Celerium.RocketCyber\tests\Private\ModuleSettings\Remove-RocketCyberModuleSettings.Tests.ps1">
        <results>
          <test-suite type="TestFixture" name="Testing [ Remove-RocketCyberModuleSettings ] function with [ Remove-RocketCyberModuleSettings.Tests.ps1 ]" executed="True" result="Success" success="True" time="0.0603" asserts="0" description="Testing [ Remove-RocketCyberModuleSettings ] function with [ Remove-RocketCyberModuleSettings.Tests.ps1 ]">
            <results>
              <test-suite type="TestFixture" name="Testing [ Remove-RocketCyberModuleSettings ] function with [ Remove-RocketCyberModuleSettings.Tests.ps1 ].[ Remove-RocketCyberModuleSettings ] testing function" executed="True" result="Success" success="True" time="0.052" asserts="0" description="Testing [ Remove-RocketCyberModuleSettings ] function with [ Remove-RocketCyberModuleSettings.Tests.ps1 ].[ Remove-RocketCyberModuleSettings ] testing function">
                <results>
                  <test-case description="No configuration should throw a warning" name="Testing [ Remove-RocketCyberModuleSettings ] function with [ Remove-RocketCyberModuleSettings.Tests.ps1 ].[ Remove-RocketCyberModuleSettings ] testing function.No configuration should throw a warning" time="0.0061" asserts="0" success="True" result="Success" executed="True" />
                  <test-case description="Saved configuration should be removed" name="Testing [ Remove-RocketCyberModuleSettings ] function with [ Remove-RocketCyberModuleSettings.Tests.ps1 ].[ Remove-RocketCyberModuleSettings ] testing function.Saved configuration should be removed" time="0.0197" asserts="0" success="True" result="Success" executed="True" />
                  <test-case description="Saved configuration &amp; variables should be removed" name="Testing [ Remove-RocketCyberModuleSettings ] function with [ Remove-RocketCyberModuleSettings.Tests.ps1 ].[ Remove-RocketCyberModuleSettings ] testing function.Saved configuration &amp; variables should be removed" time="0.0168" asserts="0" success="True" result="Success" executed="True" />
                </results>
              </test-suite>
            </results>
          </test-suite>
        </results>
      </test-suite>
    </results>
  </test-suite>
</test-results>