<?xml version="1.0" encoding="utf-8" standalone="no"?>
<test-results xmlns:xsi="http://www.w3.org/2001/XMLSchema-instance" xsi:noNamespaceSchemaLocation="nunit_schema_2.5.xsd" name="Pester" total="478" errors="0" failures="0" not-run="2" inconclusive="0" ignored="0" skipped="3" invalid="0" date="2025-03-12" time="18:11:41">
  <environment clr-version="4.0.30319.42000" user-domain="BATTLESTATION" cwd="C:\Celerium\Projects\_API\Celerium.RocketCyber" platform="Microsoft Windows 11 Pro|C:\WINDOWS|\Device\Harddisk0\Partition3" machine-name="BATTLESTATION" nunit-version="2.5.8.0" os-version="10.0.26100" user="David" />
  <culture-info current-culture="en-US" current-uiculture="en-US" />
  <test-suite type="TestFixture" name="Pester" executed="True" result="Ignored" success="True" time="21.2252" asserts="0" description="Pester">
    <results>
      <test-suite type="TestFixture" name="C:\Celerium\Projects\_API\Celerium.RocketCyber\tests\Celerium.RocketCyber.Tests.ps1" executed="True" result="Success" success="True" time="1.4893" asserts="0" description="C:\Celerium\Projects\_API\Celerium.RocketCyber\tests\Celerium.RocketCyber.Tests.ps1">
        <results>
          <test-suite type="TestFixture" name="Testing the [ Built ] version of [ Celerium.RocketCyber ] with [ Celerium.RocketCyber.Tests.ps1 ]" executed="True" result="Success" success="True" time="1.3152" asserts="0" description="Testing the [ Built ] version of [ Celerium.RocketCyber ] with [ Celerium.RocketCyber.Tests.ps1 ]">
            <results>
              <test-suite type="TestFixture" name="Testing the [ Built ] version of [ Celerium.RocketCyber ] with [ Celerium.RocketCyber.Tests.ps1 ].[ Celerium.RocketCyber.psd1 ] general manifest data" executed="True" result="Success" success="True" time="1.0808" asserts="0" description="Testing the [ Built ] version of [ Celerium.RocketCyber ] with [ Celerium.RocketCyber.Tests.ps1 ].[ Celerium.RocketCyber.psd1 ] general manifest data">
                <results>
                  <test-case description="Manifest [ RootModule ] has valid data" name="Testing the [ Built ] version of [ Celerium.RocketCyber ] with [ Celerium.RocketCyber.Tests.ps1 ].[ Celerium.RocketCyber.psd1 ] general manifest data.Manifest [ RootModule ] has valid data" time="0.6438" asserts="0" success="True" result="Success" executed="True" />
                  <test-case description="Manifest [ ModuleVersion ] has valid data" name="Testing the [ Built ] version of [ Celerium.RocketCyber ] with [ Celerium.RocketCyber.Tests.ps1 ].[ Celerium.RocketCyber.psd1 ] general manifest data.Manifest [ ModuleVersion ] has valid data" time="0.0427" asserts="0" success="True" result="Success" executed="True" />
                  <test-case description="Manifest [ GUID ] has valid data" name="Testing the [ Built ] version of [ Celerium.RocketCyber ] with [ Celerium.RocketCyber.Tests.ps1 ].[ Celerium.RocketCyber.psd1 ] general manifest data.Manifest [ GUID ] has valid data" time="0.0239" asserts="0" success="True" result="Success" executed="True" />
                  <test-case description="Manifest [ Author ] has valid data" name="Testing the [ Built ] version of [ Celerium.RocketCyber ] with [ Celerium.RocketCyber.Tests.ps1 ].[ Celerium.RocketCyber.psd1 ] general manifest data.Manifest [ Author ] has valid data" time="0.0075" asserts="0" success="True" result="Success" executed="True" />
                  <test-case description="Manifest [ CompanyName ] has valid data" name="Testing the [ Built ] version of [ Celerium.RocketCyber ] with [ Celerium.RocketCyber.Tests.ps1 ].[ Celerium.RocketCyber.psd1 ] general manifest data.Manifest [ CompanyName ] has valid data" time="0.0079" asserts="0" success="True" result="Success" executed="True" />
                  <test-case description="Manifest [ Copyright ] has valid data" name="Testing the [ Built ] version of [ Celerium.RocketCyber ] with [ Celerium.RocketCyber.Tests.ps1 ].[ Celerium.RocketCyber.psd1 ] general manifest data.Manifest [ Copyright ] has valid data" time="0.0073" asserts="0" success="True" result="Success" executed="True" />
                  <test-case description="Manifest [ Description ] is not empty" name="Testing the [ Built ] version of [ Celerium.RocketCyber ] with [ Celerium.RocketCyber.Tests.ps1 ].[ Celerium.RocketCyber.psd1 ] general manifest data.Manifest [ Description ] is not empty" time="0.0459" asserts="0" success="True" result="Success" executed="True" />
                  <test-case description="Manifest [ PowerShellVersion ] has valid data" name="Testing the [ Built ] version of [ Celerium.RocketCyber ] with [ Celerium.RocketCyber.Tests.ps1 ].[ Celerium.RocketCyber.psd1 ] general manifest data.Manifest [ PowerShellVersion ] has valid data" time="0.0076" asserts="0" success="True" result="Success" executed="True" />
                  <test-case description="Manifest [ NestedModules ] has valid data" name="Testing the [ Built ] version of [ Celerium.RocketCyber ] with [ Celerium.RocketCyber.Tests.ps1 ].[ Celerium.RocketCyber.psd1 ] general manifest data.Manifest [ NestedModules ] has valid data" time="0.0153" asserts="0" success="True" result="Success" executed="True" />
                  <test-case description="Manifest [ FunctionsToExport ] has valid data" name="Testing the [ Built ] version of [ Celerium.RocketCyber ] with [ Celerium.RocketCyber.Tests.ps1 ].[ Celerium.RocketCyber.psd1 ] general manifest data.Manifest [ FunctionsToExport ] has valid data" time="0.0115" asserts="0" success="True" result="Success" executed="True" />
                  <test-case description="Manifest [ CmdletsToExport ] is empty" name="Testing the [ Built ] version of [ Celerium.RocketCyber ] with [ Celerium.RocketCyber.Tests.ps1 ].[ Celerium.RocketCyber.psd1 ] general manifest data.Manifest [ CmdletsToExport ] is empty" time="0.0131" asserts="0" success="True" result="Success" executed="True" />
                  <test-case description="Manifest [ VariablesToExport ] is empty" name="Testing the [ Built ] version of [ Celerium.RocketCyber ] with [ Celerium.RocketCyber.Tests.ps1 ].[ Celerium.RocketCyber.psd1 ] general manifest data.Manifest [ VariablesToExport ] is empty" time="0.0175" asserts="0" success="True" result="Success" executed="True" />
                  <test-case description="Manifest [ AliasesToExport ] has alias" name="Testing the [ Built ] version of [ Celerium.RocketCyber ] with [ Celerium.RocketCyber.Tests.ps1 ].[ Celerium.RocketCyber.psd1 ] general manifest data.Manifest [ AliasesToExport ] has alias" time="0.0115" asserts="0" success="True" result="Success" executed="True" />
                  <test-case description="Manifest [ Tags ] has valid data" name="Testing the [ Built ] version of [ Celerium.RocketCyber ] with [ Celerium.RocketCyber.Tests.ps1 ].[ Celerium.RocketCyber.psd1 ] general manifest data.Manifest [ Tags ] has valid data" time="0.0478" asserts="0" success="True" result="Success" executed="True" />
                  <test-case description="Manifest [ LicenseUri ] has valid data" name="Testing the [ Built ] version of [ Celerium.RocketCyber ] with [ Celerium.RocketCyber.Tests.ps1 ].[ Celerium.RocketCyber.psd1 ] general manifest data.Manifest [ LicenseUri ] has valid data" time="0.0127" asserts="0" success="True" result="Success" executed="True" />
                  <test-case description="Manifest [ ProjectUri ] has valid data" name="Testing the [ Built ] version of [ Celerium.RocketCyber ] with [ Celerium.RocketCyber.Tests.ps1 ].[ Celerium.RocketCyber.psd1 ] general manifest data.Manifest [ ProjectUri ] has valid data" time="0.008" asserts="0" success="True" result="Success" executed="True" />
                  <test-case description="Manifest [ IconUri ] has valid data" name="Testing the [ Built ] version of [ Celerium.RocketCyber ] with [ Celerium.RocketCyber.Tests.ps1 ].[ Celerium.RocketCyber.psd1 ] general manifest data.Manifest [ IconUri ] has valid data" time="0.008" asserts="0" success="True" result="Success" executed="True" />
                  <test-case description="Manifest [ ReleaseNotes ] has valid data" name="Testing the [ Built ] version of [ Celerium.RocketCyber ] with [ Celerium.RocketCyber.Tests.ps1 ].[ Celerium.RocketCyber.psd1 ] general manifest data.Manifest [ ReleaseNotes ] has valid data" time="0.0105" asserts="0" success="True" result="Success" executed="True" />
                  <test-case description="Manifest [ HelpInfoUri ] is not empty" name="Testing the [ Built ] version of [ Celerium.RocketCyber ] with [ Celerium.RocketCyber.Tests.ps1 ].[ Celerium.RocketCyber.psd1 ] general manifest data.Manifest [ HelpInfoUri ] is not empty" time="0.0105" asserts="0" success="True" result="Success" executed="True" />
                </results>
              </test-suite>
              <test-suite type="TestFixture" name="Testing the [ Built ] version of [ Celerium.RocketCyber ] with [ Celerium.RocketCyber.Tests.ps1 ].[ Celerium.RocketCyber.psd1 ] module import test" executed="True" result="Success" success="True" time="1.2072" asserts="0" description="Testing the [ Built ] version of [ Celerium.RocketCyber ] with [ Celerium.RocketCyber.Tests.ps1 ].[ Celerium.RocketCyber.psd1 ] module import test">
                <results>
                  <test-case description="Module contains only PowerShell files" name="Testing the [ Built ] version of [ Celerium.RocketCyber ] with [ Celerium.RocketCyber.Tests.ps1 ].[ Celerium.RocketCyber.psd1 ] module import test.Module contains only PowerShell files" time="0.0458" asserts="0" success="True" result="Success" executed="True" />
                  <test-case description="Module files exist" name="Testing the [ Built ] version of [ Celerium.RocketCyber ] with [ Celerium.RocketCyber.Tests.ps1 ].[ Celerium.RocketCyber.psd1 ] module import test.Module files exist" time="0.0427" asserts="0" success="True" result="Success" executed="True" />
                  <test-case description="Should pass Test-ModuleManifest" name="Testing the [ Built ] version of [ Celerium.RocketCyber ] with [ Celerium.RocketCyber.Tests.ps1 ].[ Celerium.RocketCyber.psd1 ] module import test.Should pass Test-ModuleManifest" time="0.0165" asserts="0" success="True" result="Success" executed="True" />
                  <test-case description="Should import successfully" name="Testing the [ Built ] version of [ Celerium.RocketCyber ] with [ Celerium.RocketCyber.Tests.ps1 ].[ Celerium.RocketCyber.psd1 ] module import test.Should import successfully" time="0.0124" asserts="0" success="True" result="Success" executed="True" />
                </results>
              </test-suite>
            </results>
          </test-suite>
        </results>
      </test-suite>
      <test-suite type="TestFixture" name="C:\Celerium\Projects\_API\Celerium.RocketCyber\tests\HelpComment.Tests.ps1" executed="True" result="Ignored" success="True" time="8.4242" asserts="0" description="C:\Celerium\Projects\_API\Celerium.RocketCyber\tests\HelpComment.Tests.ps1">
        <results>
          <test-suite type="TestFixture" name="Testing the [ Built ] version of [ Celerium.RocketCyber ] with [ HelpComment.Tests.ps1 ]" executed="True" result="Ignored" success="True" time="6.5804" asserts="0" description="Testing the [ Built ] version of [ Celerium.RocketCyber ] with [ HelpComment.Tests.ps1 ]">
            <results>
              <test-suite type="TestFixture" name="Testing the [ Built ] version of [ Celerium.RocketCyber ] with [ HelpComment.Tests.ps1 ].[ Celerium.RocketCyber ] module help tests" executed="True" result="Success" success="True" time="0.8595" asserts="0" description="Testing the [ Built ] version of [ Celerium.RocketCyber ] with [ HelpComment.Tests.ps1 ].[ Celerium.RocketCyber ] module help tests">
                <results>
                  <test-suite type="TestFixture" name="Testing the [ Built ] version of [ Celerium.RocketCyber ] with [ HelpComment.Tests.ps1 ].[ Celerium.RocketCyber ] module help tests.[ Add-RocketCyberApiKey ]" executed="True" result="Success" success="True" time="0.8508" asserts="0" description="Testing the [ Built ] version of [ Celerium.RocketCyber ] with [ HelpComment.Tests.ps1 ].[ Celerium.RocketCyber ] module help tests.[ Add-RocketCyberApiKey ]">
                    <results>
                      <test-case description="[ Add-RocketCyberApiKey ] contains comment based help" name="Testing the [ Built ] version of [ Celerium.RocketCyber ] with [ HelpComment.Tests.ps1 ].[ Celerium.RocketCyber ] module help tests.[ Add-RocketCyberApiKey ].[ Add-RocketCyberApiKey ] contains comment based help" time="0.0145" asserts="0" success="True" result="Success" executed="True" />
                      <test-case description="[ Add-RocketCyberApiKey ] contains a synopsis" name="Testing the [ Built ] version of [ Celerium.RocketCyber ] with [ HelpComment.Tests.ps1 ].[ Celerium.RocketCyber ] module help tests.[ Add-RocketCyberApiKey ].[ Add-RocketCyberApiKey ] contains a synopsis" time="0.0065" asserts="0" success="True" result="Success" executed="True" />
                      <test-case description="[ Add-RocketCyberApiKey ] contains a description" name="Testing the [ Built ] version of [ Celerium.RocketCyber ] with [ HelpComment.Tests.ps1 ].[ Celerium.RocketCyber ] module help tests.[ Add-RocketCyberApiKey ].[ Add-RocketCyberApiKey ] contains a description" time="0.0062" asserts="0" success="True" result="Success" executed="True" />
                      <test-case description="[ Add-RocketCyberApiKey ] contains at least one usage example" name="Testing the [ Built ] version of [ Celerium.RocketCyber ] with [ HelpComment.Tests.ps1 ].[ Celerium.RocketCyber ] module help tests.[ Add-RocketCyberApiKey ].[ Add-RocketCyberApiKey ] contains at least one usage example" time="0.0116" asserts="0" success="True" result="Success" executed="True" />
                      <test-case description="[ Add-RocketCyberApiKey ] contains a note" name="Testing the [ Built ] version of [ Celerium.RocketCyber ] with [ HelpComment.Tests.ps1 ].[ Celerium.RocketCyber ] module help tests.[ Add-RocketCyberApiKey ].[ Add-RocketCyberApiKey ] contains a note" time="0.0073" asserts="0" success="True" result="Success" executed="True" />
                      <test-case description="[ Add-RocketCyberApiKey ] contains a link" name="Testing the [ Built ] version of [ Celerium.RocketCyber ] with [ HelpComment.Tests.ps1 ].[ Celerium.RocketCyber ] module help tests.[ Add-RocketCyberApiKey ].[ Add-RocketCyberApiKey ] contains a link" time="0.0074" asserts="0" success="True" result="Success" executed="True" />
                      <test-case description="[ Add-RocketCyberApiKey ] link should return 200" name="Testing the [ Built ] version of [ Celerium.RocketCyber ] with [ HelpComment.Tests.ps1 ].[ Celerium.RocketCyber ] module help tests.[ Add-RocketCyberApiKey ].[ Add-RocketCyberApiKey ] link should return 200" time="0.6377" asserts="0" success="True" result="Success" executed="True" />
                      <test-suite type="ParameterizedTest" name="Testing the [ Built ] version of [ Celerium.RocketCyber ] with [ HelpComment.Tests.ps1 ].[ Celerium.RocketCyber ] module help tests.[ Add-RocketCyberApiKey ].[ Add-RocketCyberApiKey ] - Parameter has a description - [ &lt;_.name&gt; ]" executed="True" result="Success" success="True" time="0.017" asserts="0" description="[ Add-RocketCyberApiKey ] - Parameter has a description - [ &lt;_.name&gt; ]">
                        <results>
                          <test-case description="[ Add-RocketCyberApiKey ] - Parameter has a description - [ ApiKey ]" name="Testing the [ Built ] version of [ Celerium.RocketCyber ] with [ HelpComment.Tests.ps1 ].[ Celerium.RocketCyber ] module help tests.[ Add-RocketCyberApiKey ].[ Add-RocketCyberApiKey ] - Parameter has a description - [ ApiKey ]" time="0.0112" asserts="0" success="True" result="Success" executed="True" />
                          <test-case description="[ Add-RocketCyberApiKey ] - Parameter has a description - [ ApiKeySecureString ]" name="Testing the [ Built ] version of [ Celerium.RocketCyber ] with [ HelpComment.Tests.ps1 ].[ Celerium.RocketCyber ] module help tests.[ Add-RocketCyberApiKey ].[ Add-RocketCyberApiKey ] - Parameter has a description - [ ApiKeySecureString ]" time="0.0057" asserts="0" success="True" result="Success" executed="True" />
                        </results>
                      </test-suite>
                      <test-suite type="ParameterizedTest" name="Testing the [ Built ] version of [ Celerium.RocketCyber ] with [ HelpComment.Tests.ps1 ].[ Celerium.RocketCyber ] module help tests.[ Add-RocketCyberApiKey ].[ Add-RocketCyberApiKey ] - Example has example code &amp; description   - [ &lt;_.title -replace '-'.''&gt; ]" executed="True" result="Success" success="True" time="0.1238" asserts="0" description="[ Add-RocketCyberApiKey ] - Example has example code &amp; description   - [ &lt;_.title -replace '-'.''&gt; ]">
                        <results>
                          <test-case description="[ Add-RocketCyberApiKey ] - Example has example code &amp; description   - [  EXAMPLE 1  ]" name="Testing the [ Built ] version of [ Celerium.RocketCyber ] with [ HelpComment.Tests.ps1 ].[ Celerium.RocketCyber ] module help tests.[ Add-RocketCyberApiKey ].[ Add-RocketCyberApiKey ] - Example has example code &amp; description   - [  EXAMPLE 1  ]" time="0.0128" asserts="0" success="True" result="Success" executed="True" />
                          <test-case description="[ Add-RocketCyberApiKey ] - Example has example code &amp; description   - [  EXAMPLE 2  ]" name="Testing the [ Built ] version of [ Celerium.RocketCyber ] with [ HelpComment.Tests.ps1 ].[ Celerium.RocketCyber ] module help tests.[ Add-RocketCyberApiKey ].[ Add-RocketCyberApiKey ] - Example has example code &amp; description   - [  EXAMPLE 2  ]" time="0.0143" asserts="0" success="True" result="Success" executed="True" />
                          <test-case description="[ Add-RocketCyberApiKey ] - Example has example code &amp; description   - [  EXAMPLE 3  ]" name="Testing the [ Built ] version of [ Celerium.RocketCyber ] with [ HelpComment.Tests.ps1 ].[ Celerium.RocketCyber ] module help tests.[ Add-RocketCyberApiKey ].[ Add-RocketCyberApiKey ] - Example has example code &amp; description   - [  EXAMPLE 3  ]" time="0.0967" asserts="0" success="True" result="Success" executed="True" />
                        </results>
                      </test-suite>
                    </results>
                  </test-suite>
                </results>
              </test-suite>
              <test-suite type="TestFixture" name="Testing the [ Built ] version of [ Celerium.RocketCyber ] with [ HelpComment.Tests.ps1 ].[ Celerium.RocketCyber ] module help tests" executed="True" result="Success" success="True" time="1.3033" asserts="0" description="Testing the [ Built ] version of [ Celerium.RocketCyber ] with [ HelpComment.Tests.ps1 ].[ Celerium.RocketCyber ] module help tests">
                <results>
                  <test-suite type="TestFixture" name="Testing the [ Built ] version of [ Celerium.RocketCyber ] with [ HelpComment.Tests.ps1 ].[ Celerium.RocketCyber ] module help tests.[ Add-RocketCyberBaseUri ]" executed="True" result="Success" success="True" time="0.4286" asserts="0" description="Testing the [ Built ] version of [ Celerium.RocketCyber ] with [ HelpComment.Tests.ps1 ].[ Celerium.RocketCyber ] module help tests.[ Add-RocketCyberBaseUri ]">
                    <results>
                      <test-case description="[ Add-RocketCyberBaseUri ] contains comment based help" name="Testing the [ Built ] version of [ Celerium.RocketCyber ] with [ HelpComment.Tests.ps1 ].[ Celerium.RocketCyber ] module help tests.[ Add-RocketCyberBaseUri ].[ Add-RocketCyberBaseUri ] contains comment based help" time="0.0089" asserts="0" success="True" result="Success" executed="True" />
                      <test-case description="[ Add-RocketCyberBaseUri ] contains a synopsis" name="Testing the [ Built ] version of [ Celerium.RocketCyber ] with [ HelpComment.Tests.ps1 ].[ Celerium.RocketCyber ] module help tests.[ Add-RocketCyberBaseUri ].[ Add-RocketCyberBaseUri ] contains a synopsis" time="0.0056" asserts="0" success="True" result="Success" executed="True" />
                      <test-case description="[ Add-RocketCyberBaseUri ] contains a description" name="Testing the [ Built ] version of [ Celerium.RocketCyber ] with [ HelpComment.Tests.ps1 ].[ Celerium.RocketCyber ] module help tests.[ Add-RocketCyberBaseUri ].[ Add-RocketCyberBaseUri ] contains a description" time="0.0052" asserts="0" success="True" result="Success" executed="True" />
                      <test-case description="[ Add-RocketCyberBaseUri ] contains at least one usage example" name="Testing the [ Built ] version of [ Celerium.RocketCyber ] with [ HelpComment.Tests.ps1 ].[ Celerium.RocketCyber ] module help tests.[ Add-RocketCyberBaseUri ].[ Add-RocketCyberBaseUri ] contains at least one usage example" time="0.0103" asserts="0" success="True" result="Success" executed="True" />
                      <test-case description="[ Add-RocketCyberBaseUri ] contains a note" name="Testing the [ Built ] version of [ Celerium.RocketCyber ] with [ HelpComment.Tests.ps1 ].[ Celerium.RocketCyber ] module help tests.[ Add-RocketCyberBaseUri ].[ Add-RocketCyberBaseUri ] contains a note" time="0.005" asserts="0" success="True" result="Success" executed="True" />
                      <test-case description="[ Add-RocketCyberBaseUri ] contains a link" name="Testing the [ Built ] version of [ Celerium.RocketCyber ] with [ HelpComment.Tests.ps1 ].[ Celerium.RocketCyber ] module help tests.[ Add-RocketCyberBaseUri ].[ Add-RocketCyberBaseUri ] contains a link" time="0.0079" asserts="0" success="True" result="Success" executed="True" />
                      <test-case description="[ Add-RocketCyberBaseUri ] link should return 200" name="Testing the [ Built ] version of [ Celerium.RocketCyber ] with [ HelpComment.Tests.ps1 ].[ Celerium.RocketCyber ] module help tests.[ Add-RocketCyberBaseUri ].[ Add-RocketCyberBaseUri ] link should return 200" time="0.3377" asserts="0" success="True" result="Success" executed="True" />
                      <test-suite type="ParameterizedTest" name="Testing the [ Built ] version of [ Celerium.RocketCyber ] with [ HelpComment.Tests.ps1 ].[ Celerium.RocketCyber ] module help tests.[ Add-RocketCyberBaseUri ].[ Add-RocketCyberBaseUri ] - Parameter has a description - [ &lt;_.name&gt; ]" executed="True" result="Success" success="True" time="0.012" asserts="0" description="[ Add-RocketCyberBaseUri ] - Parameter has a description - [ &lt;_.name&gt; ]">
                        <results>
                          <test-case description="[ Add-RocketCyberBaseUri ] - Parameter has a description - [ BaseUri ]" name="Testing the [ Built ] version of [ Celerium.RocketCyber ] with [ HelpComment.Tests.ps1 ].[ Celerium.RocketCyber ] module help tests.[ Add-RocketCyberBaseUri ].[ Add-RocketCyberBaseUri ] - Parameter has a description - [ BaseUri ]" time="0.0067" asserts="0" success="True" result="Success" executed="True" />
                          <test-case description="[ Add-RocketCyberBaseUri ] - Parameter has a description - [ DataCenter ]" name="Testing the [ Built ] version of [ Celerium.RocketCyber ] with [ HelpComment.Tests.ps1 ].[ Celerium.RocketCyber ] module help tests.[ Add-RocketCyberBaseUri ].[ Add-RocketCyberBaseUri ] - Parameter has a description - [ DataCenter ]" time="0.0054" asserts="0" success="True" result="Success" executed="True" />
                        </results>
                      </test-suite>
                      <test-suite type="ParameterizedTest" name="Testing the [ Built ] version of [ Celerium.RocketCyber ] with [ HelpComment.Tests.ps1 ].[ Celerium.RocketCyber ] module help tests.[ Add-RocketCyberBaseUri ].[ Add-RocketCyberBaseUri ] - Example has example code &amp; description   - [ &lt;_.title -replace '-'.''&gt; ]" executed="True" result="Success" success="True" time="0.0242" asserts="0" description="[ Add-RocketCyberBaseUri ] - Example has example code &amp; description   - [ &lt;_.title -replace '-'.''&gt; ]">
                        <results>
                          <test-case description="[ Add-RocketCyberBaseUri ] - Example has example code &amp; description   - [  EXAMPLE 1  ]" name="Testing the [ Built ] version of [ Celerium.RocketCyber ] with [ HelpComment.Tests.ps1 ].[ Celerium.RocketCyber ] module help tests.[ Add-RocketCyberBaseUri ].[ Add-RocketCyberBaseUri ] - Example has example code &amp; description   - [  EXAMPLE 1  ]" time="0.0079" asserts="0" success="True" result="Success" executed="True" />
                          <test-case description="[ Add-RocketCyberBaseUri ] - Example has example code &amp; description   - [  EXAMPLE 2  ]" name="Testing the [ Built ] version of [ Celerium.RocketCyber ] with [ HelpComment.Tests.ps1 ].[ Celerium.RocketCyber ] module help tests.[ Add-RocketCyberBaseUri ].[ Add-RocketCyberBaseUri ] - Example has example code &amp; description   - [  EXAMPLE 2  ]" time="0.0099" asserts="0" success="True" result="Success" executed="True" />
                          <test-case description="[ Add-RocketCyberBaseUri ] - Example has example code &amp; description   - [  EXAMPLE 3  ]" name="Testing the [ Built ] version of [ Celerium.RocketCyber ] with [ HelpComment.Tests.ps1 ].[ Celerium.RocketCyber ] module help tests.[ Add-RocketCyberBaseUri ].[ Add-RocketCyberBaseUri ] - Example has example code &amp; description   - [  EXAMPLE 3  ]" time="0.0064" asserts="0" success="True" result="Success" executed="True" />
                        </results>
                      </test-suite>
                    </results>
                  </test-suite>
                </results>
              </test-suite>
              <test-suite type="TestFixture" name="Testing the [ Built ] version of [ Celerium.RocketCyber ] with [ HelpComment.Tests.ps1 ].[ Celerium.RocketCyber ] module help tests" executed="True" result="Success" success="True" time="1.5761" asserts="0" description="Testing the [ Built ] version of [ Celerium.RocketCyber ] with [ HelpComment.Tests.ps1 ].[ Celerium.RocketCyber ] module help tests">
                <results>
                  <test-suite type="TestFixture" name="Testing the [ Built ] version of [ Celerium.RocketCyber ] with [ HelpComment.Tests.ps1 ].[ Celerium.RocketCyber ] module help tests.[ ConvertTo-RocketCyberQueryString ]" executed="True" result="Success" success="True" time="0.265" asserts="0" description="Testing the [ Built ] version of [ Celerium.RocketCyber ] with [ HelpComment.Tests.ps1 ].[ Celerium.RocketCyber ] module help tests.[ ConvertTo-RocketCyberQueryString ]">
                    <results>
                      <test-case description="[ ConvertTo-RocketCyberQueryString ] contains comment based help" name="Testing the [ Built ] version of [ Celerium.RocketCyber ] with [ HelpComment.Tests.ps1 ].[ Celerium.RocketCyber ] module help tests.[ ConvertTo-RocketCyberQueryString ].[ ConvertTo-RocketCyberQueryString ] contains comment based help" time="0.0084" asserts="0" success="True" result="Success" executed="True" />
                      <test-case description="[ ConvertTo-RocketCyberQueryString ] contains a synopsis" name="Testing the [ Built ] version of [ Celerium.RocketCyber ] with [ HelpComment.Tests.ps1 ].[ Celerium.RocketCyber ] module help tests.[ ConvertTo-RocketCyberQueryString ].[ ConvertTo-RocketCyberQueryString ] contains a synopsis" time="0.005" asserts="0" success="True" result="Success" executed="True" />
                      <test-case description="[ ConvertTo-RocketCyberQueryString ] contains a description" name="Testing the [ Built ] version of [ Celerium.RocketCyber ] with [ HelpComment.Tests.ps1 ].[ Celerium.RocketCyber ] module help tests.[ ConvertTo-RocketCyberQueryString ].[ ConvertTo-RocketCyberQueryString ] contains a description" time="0.0046" asserts="0" success="True" result="Success" executed="True" />
                      <test-case description="[ ConvertTo-RocketCyberQueryString ] contains at least one usage example" name="Testing the [ Built ] version of [ Celerium.RocketCyber ] with [ HelpComment.Tests.ps1 ].[ Celerium.RocketCyber ] module help tests.[ ConvertTo-RocketCyberQueryString ].[ ConvertTo-RocketCyberQueryString ] contains at least one usage example" time="0.0064" asserts="0" success="True" result="Success" executed="True" />
                      <test-case description="[ ConvertTo-RocketCyberQueryString ] contains a note" name="Testing the [ Built ] version of [ Celerium.RocketCyber ] with [ HelpComment.Tests.ps1 ].[ Celerium.RocketCyber ] module help tests.[ ConvertTo-RocketCyberQueryString ].[ ConvertTo-RocketCyberQueryString ] contains a note" time="0.0086" asserts="0" success="True" result="Success" executed="True" />
                      <test-case description="[ ConvertTo-RocketCyberQueryString ] contains a link" name="Testing the [ Built ] version of [ Celerium.RocketCyber ] with [ HelpComment.Tests.ps1 ].[ Celerium.RocketCyber ] module help tests.[ ConvertTo-RocketCyberQueryString ].[ ConvertTo-RocketCyberQueryString ] contains a link" time="0.0047" asserts="0" success="True" result="Success" executed="True" />
                      <test-case description="[ ConvertTo-RocketCyberQueryString ] link should return 200" name="Testing the [ Built ] version of [ Celerium.RocketCyber ] with [ HelpComment.Tests.ps1 ].[ Celerium.RocketCyber ] module help tests.[ ConvertTo-RocketCyberQueryString ].[ ConvertTo-RocketCyberQueryString ] link should return 200" time="0.1935" asserts="0" success="True" result="Success" executed="True" />
                      <test-suite type="ParameterizedTest" name="Testing the [ Built ] version of [ Celerium.RocketCyber ] with [ HelpComment.Tests.ps1 ].[ Celerium.RocketCyber ] module help tests.[ ConvertTo-RocketCyberQueryString ].[ ConvertTo-RocketCyberQueryString ] - Parameter has a description - [ &lt;_.name&gt; ]" executed="True" result="Success" success="True" time="0.0155" asserts="0" description="[ ConvertTo-RocketCyberQueryString ] - Parameter has a description - [ &lt;_.name&gt; ]">
                        <results>
                          <test-case description="[ ConvertTo-RocketCyberQueryString ] - Parameter has a description - [ UriFilter ]" name="Testing the [ Built ] version of [ Celerium.RocketCyber ] with [ HelpComment.Tests.ps1 ].[ Celerium.RocketCyber ] module help tests.[ ConvertTo-RocketCyberQueryString ].[ ConvertTo-RocketCyberQueryString ] - Parameter has a description - [ UriFilter ]" time="0.0103" asserts="0" success="True" result="Success" executed="True" />
                          <test-case description="[ ConvertTo-RocketCyberQueryString ] - Parameter has a description - [ ResourceUri ]" name="Testing the [ Built ] version of [ Celerium.RocketCyber ] with [ HelpComment.Tests.ps1 ].[ Celerium.RocketCyber ] module help tests.[ ConvertTo-RocketCyberQueryString ].[ ConvertTo-RocketCyberQueryString ] - Parameter has a description - [ ResourceUri ]" time="0.0052" asserts="0" success="True" result="Success" executed="True" />
                        </results>
                      </test-suite>
                      <test-suite type="ParameterizedTest" name="Testing the [ Built ] version of [ Celerium.RocketCyber ] with [ HelpComment.Tests.ps1 ].[ Celerium.RocketCyber ] module help tests.[ ConvertTo-RocketCyberQueryString ].[ ConvertTo-RocketCyberQueryString ] - Example has example code &amp; description   - [ &lt;_.title -replace '-'.''&gt; ]" executed="True" result="Success" success="True" time="0.0076" asserts="0" description="[ ConvertTo-RocketCyberQueryString ] - Example has example code &amp; description   - [ &lt;_.title -replace '-'.''&gt; ]">
                        <results>
                          <test-case description="[ ConvertTo-RocketCyberQueryString ] - Example has example code &amp; description   - [  EXAMPLE 1  ]" name="Testing the [ Built ] version of [ Celerium.RocketCyber ] with [ HelpComment.Tests.ps1 ].[ Celerium.RocketCyber ] module help tests.[ ConvertTo-RocketCyberQueryString ].[ ConvertTo-RocketCyberQueryString ] - Example has example code &amp; description   - [  EXAMPLE 1  ]" time="0.0076" asserts="0" success="True" result="Success" executed="True" />
                        </results>
                      </test-suite>
                    </results>
                  </test-suite>
                </results>
              </test-suite>
              <test-suite type="TestFixture" name="Testing the [ Built ] version of [ Celerium.RocketCyber ] with [ HelpComment.Tests.ps1 ].[ Celerium.RocketCyber ] module help tests" executed="True" result="Success" success="True" time="1.8013" asserts="0" description="Testing the [ Built ] version of [ Celerium.RocketCyber ] with [ HelpComment.Tests.ps1 ].[ Celerium.RocketCyber ] module help tests">
                <results>
                  <test-suite type="TestFixture" name="Testing the [ Built ] version of [ Celerium.RocketCyber ] with [ HelpComment.Tests.ps1 ].[ Celerium.RocketCyber ] module help tests.[ Export-RocketCyberModuleSettings ]" executed="True" result="Success" success="True" time="0.2164" asserts="0" description="Testing the [ Built ] version of [ Celerium.RocketCyber ] with [ HelpComment.Tests.ps1 ].[ Celerium.RocketCyber ] module help tests.[ Export-RocketCyberModuleSettings ]">
                    <results>
                      <test-case description="[ Export-RocketCyberModuleSettings ] contains comment based help" name="Testing the [ Built ] version of [ Celerium.RocketCyber ] with [ HelpComment.Tests.ps1 ].[ Celerium.RocketCyber ] module help tests.[ Export-RocketCyberModuleSettings ].[ Export-RocketCyberModuleSettings ] contains comment based help" time="0.0086" asserts="0" success="True" result="Success" executed="True" />
                      <test-case description="[ Export-RocketCyberModuleSettings ] contains a synopsis" name="Testing the [ Built ] version of [ Celerium.RocketCyber ] with [ HelpComment.Tests.ps1 ].[ Celerium.RocketCyber ] module help tests.[ Export-RocketCyberModuleSettings ].[ Export-RocketCyberModuleSettings ] contains a synopsis" time="0.0045" asserts="0" success="True" result="Success" executed="True" />
                      <test-case description="[ Export-RocketCyberModuleSettings ] contains a description" name="Testing the [ Built ] version of [ Celerium.RocketCyber ] with [ HelpComment.Tests.ps1 ].[ Celerium.RocketCyber ] module help tests.[ Export-RocketCyberModuleSettings ].[ Export-RocketCyberModuleSettings ] contains a description" time="0.0048" asserts="0" success="True" result="Success" executed="True" />
                      <test-case description="[ Export-RocketCyberModuleSettings ] contains at least one usage example" name="Testing the [ Built ] version of [ Celerium.RocketCyber ] with [ HelpComment.Tests.ps1 ].[ Celerium.RocketCyber ] module help tests.[ Export-RocketCyberModuleSettings ].[ Export-RocketCyberModuleSettings ] contains at least one usage example" time="0.0063" asserts="0" success="True" result="Success" executed="True" />
                      <test-case description="[ Export-RocketCyberModuleSettings ] contains a note" name="Testing the [ Built ] version of [ Celerium.RocketCyber ] with [ HelpComment.Tests.ps1 ].[ Celerium.RocketCyber ] module help tests.[ Export-RocketCyberModuleSettings ].[ Export-RocketCyberModuleSettings ] contains a note" time="0.0045" asserts="0" success="True" result="Success" executed="True" />
                      <test-case description="[ Export-RocketCyberModuleSettings ] contains a link" name="Testing the [ Built ] version of [ Celerium.RocketCyber ] with [ HelpComment.Tests.ps1 ].[ Celerium.RocketCyber ] module help tests.[ Export-RocketCyberModuleSettings ].[ Export-RocketCyberModuleSettings ] contains a link" time="0.0088" asserts="0" success="True" result="Success" executed="True" />
                      <test-case description="[ Export-RocketCyberModuleSettings ] link should return 200" name="Testing the [ Built ] version of [ Celerium.RocketCyber ] with [ HelpComment.Tests.ps1 ].[ Celerium.RocketCyber ] module help tests.[ Export-RocketCyberModuleSettings ].[ Export-RocketCyberModuleSettings ] link should return 200" time="0.1377" asserts="0" success="True" result="Success" executed="True" />
                      <test-suite type="ParameterizedTest" name="Testing the [ Built ] version of [ Celerium.RocketCyber ] with [ HelpComment.Tests.ps1 ].[ Celerium.RocketCyber ] module help tests.[ Export-RocketCyberModuleSettings ].[ Export-RocketCyberModuleSettings ] - Parameter has a description - [ &lt;_.name&gt; ]" executed="True" result="Success" success="True" time="0.0122" asserts="0" description="[ Export-RocketCyberModuleSettings ] - Parameter has a description - [ &lt;_.name&gt; ]">
                        <results>
                          <test-case description="[ Export-RocketCyberModuleSettings ] - Parameter has a description - [ RocketCyberConfigPath ]" name="Testing the [ Built ] version of [ Celerium.RocketCyber ] with [ HelpComment.Tests.ps1 ].[ Celerium.RocketCyber ] module help tests.[ Export-RocketCyberModuleSettings ].[ Export-RocketCyberModuleSettings ] - Parameter has a description - [ RocketCyberConfigPath ]" time="0.0062" asserts="0" success="True" result="Success" executed="True" />
                          <test-case description="[ Export-RocketCyberModuleSettings ] - Parameter has a description - [ RocketCyberConfigFile ]" name="Testing the [ Built ] version of [ Celerium.RocketCyber ] with [ HelpComment.Tests.ps1 ].[ Celerium.RocketCyber ] module help tests.[ Export-RocketCyberModuleSettings ].[ Export-RocketCyberModuleSettings ] - Parameter has a description - [ RocketCyberConfigFile ]" time="0.006" asserts="0" success="True" result="Success" executed="True" />
                        </results>
                      </test-suite>
                      <test-suite type="ParameterizedTest" name="Testing the [ Built ] version of [ Celerium.RocketCyber ] with [ HelpComment.Tests.ps1 ].[ Celerium.RocketCyber ] module help tests.[ Export-RocketCyberModuleSettings ].[ Export-RocketCyberModuleSettings ] - Example has example code &amp; description   - [ &lt;_.title -replace '-'.''&gt; ]" executed="True" result="Success" success="True" time="0.0154" asserts="0" description="[ Export-RocketCyberModuleSettings ] - Example has example code &amp; description   - [ &lt;_.title -replace '-'.''&gt; ]">
                        <results>
                          <test-case description="[ Export-RocketCyberModuleSettings ] - Example has example code &amp; description   - [  EXAMPLE 1  ]" name="Testing the [ Built ] version of [ Celerium.RocketCyber ] with [ HelpComment.Tests.ps1 ].[ Celerium.RocketCyber ] module help tests.[ Export-RocketCyberModuleSettings ].[ Export-RocketCyberModuleSettings ] - Example has example code &amp; description   - [  EXAMPLE 1  ]" time="0.0077" asserts="0" success="True" result="Success" executed="True" />
                          <test-case description="[ Export-RocketCyberModuleSettings ] - Example has example code &amp; description   - [  EXAMPLE 2  ]" name="Testing the [ Built ] version of [ Celerium.RocketCyber ] with [ HelpComment.Tests.ps1 ].[ Celerium.RocketCyber ] module help tests.[ Export-RocketCyberModuleSettings ].[ Export-RocketCyberModuleSettings ] - Example has example code &amp; description   - [  EXAMPLE 2  ]" time="0.0077" asserts="0" success="True" result="Success" executed="True" />
                        </results>
                      </test-suite>
                    </results>
                  </test-suite>
                </results>
              </test-suite>
              <test-suite type="TestFixture" name="Testing the [ Built ] version of [ Celerium.RocketCyber ] with [ HelpComment.Tests.ps1 ].[ Celerium.RocketCyber ] module help tests" executed="True" result="Success" success="True" time="2.2116" asserts="0" description="Testing the [ Built ] version of [ Celerium.RocketCyber ] with [ HelpComment.Tests.ps1 ].[ Celerium.RocketCyber ] module help tests">
                <results>
                  <test-suite type="TestFixture" name="Testing the [ Built ] version of [ Celerium.RocketCyber ] with [ HelpComment.Tests.ps1 ].[ Celerium.RocketCyber ] module help tests.[ Get-RocketCyberAccount ]" executed="True" result="Success" success="True" time="0.4022" asserts="0" description="Testing the [ Built ] version of [ Celerium.RocketCyber ] with [ HelpComment.Tests.ps1 ].[ Celerium.RocketCyber ] module help tests.[ Get-RocketCyberAccount ]">
                    <results>
                      <test-case description="[ Get-RocketCyberAccount ] contains comment based help" name="Testing the [ Built ] version of [ Celerium.RocketCyber ] with [ HelpComment.Tests.ps1 ].[ Celerium.RocketCyber ] module help tests.[ Get-RocketCyberAccount ].[ Get-RocketCyberAccount ] contains comment based help" time="0.0049" asserts="0" success="True" result="Success" executed="True" />
                      <test-case description="[ Get-RocketCyberAccount ] contains a synopsis" name="Testing the [ Built ] version of [ Celerium.RocketCyber ] with [ HelpComment.Tests.ps1 ].[ Celerium.RocketCyber ] module help tests.[ Get-RocketCyberAccount ].[ Get-RocketCyberAccount ] contains a synopsis" time="0.0051" asserts="0" success="True" result="Success" executed="True" />
                      <test-case description="[ Get-RocketCyberAccount ] contains a description" name="Testing the [ Built ] version of [ Celerium.RocketCyber ] with [ HelpComment.Tests.ps1 ].[ Celerium.RocketCyber ] module help tests.[ Get-RocketCyberAccount ].[ Get-RocketCyberAccount ] contains a description" time="0.0049" asserts="0" success="True" result="Success" executed="True" />
                      <test-case description="[ Get-RocketCyberAccount ] contains at least one usage example" name="Testing the [ Built ] version of [ Celerium.RocketCyber ] with [ HelpComment.Tests.ps1 ].[ Celerium.RocketCyber ] module help tests.[ Get-RocketCyberAccount ].[ Get-RocketCyberAccount ] contains at least one usage example" time="0.0104" asserts="0" success="True" result="Success" executed="True" />
                      <test-case description="[ Get-RocketCyberAccount ] contains a note" name="Testing the [ Built ] version of [ Celerium.RocketCyber ] with [ HelpComment.Tests.ps1 ].[ Celerium.RocketCyber ] module help tests.[ Get-RocketCyberAccount ].[ Get-RocketCyberAccount ] contains a note" time="0.0048" asserts="0" success="True" result="Success" executed="True" />
                      <test-case description="[ Get-RocketCyberAccount ] contains a link" name="Testing the [ Built ] version of [ Celerium.RocketCyber ] with [ HelpComment.Tests.ps1 ].[ Celerium.RocketCyber ] module help tests.[ Get-RocketCyberAccount ].[ Get-RocketCyberAccount ] contains a link" time="0.0044" asserts="0" success="True" result="Success" executed="True" />
                      <test-case description="[ Get-RocketCyberAccount ] link should return 200" name="Testing the [ Built ] version of [ Celerium.RocketCyber ] with [ HelpComment.Tests.ps1 ].[ Celerium.RocketCyber ] module help tests.[ Get-RocketCyberAccount ].[ Get-RocketCyberAccount ] link should return 200" time="0.3191" asserts="0" success="True" result="Success" executed="True" />
                      <test-suite type="ParameterizedTest" name="Testing the [ Built ] version of [ Celerium.RocketCyber ] with [ HelpComment.Tests.ps1 ].[ Celerium.RocketCyber ] module help tests.[ Get-RocketCyberAccount ].[ Get-RocketCyberAccount ] - Parameter has a description - [ &lt;_.name&gt; ]" executed="True" result="Success" success="True" time="0.0146" asserts="0" description="[ Get-RocketCyberAccount ] - Parameter has a description - [ &lt;_.name&gt; ]">
                        <results>
                          <test-case description="[ Get-RocketCyberAccount ] - Parameter has a description - [ AccountId ]" name="Testing the [ Built ] version of [ Celerium.RocketCyber ] with [ HelpComment.Tests.ps1 ].[ Celerium.RocketCyber ] module help tests.[ Get-RocketCyberAccount ].[ Get-RocketCyberAccount ] - Parameter has a description - [ AccountId ]" time="0.0071" asserts="0" success="True" result="Success" executed="True" />
                          <test-case description="[ Get-RocketCyberAccount ] - Parameter has a description - [ Details ]" name="Testing the [ Built ] version of [ Celerium.RocketCyber ] with [ HelpComment.Tests.ps1 ].[ Celerium.RocketCyber ] module help tests.[ Get-RocketCyberAccount ].[ Get-RocketCyberAccount ] - Parameter has a description - [ Details ]" time="0.0076" asserts="0" success="True" result="Success" executed="True" />
                        </results>
                      </test-suite>
                      <test-suite type="ParameterizedTest" name="Testing the [ Built ] version of [ Celerium.RocketCyber ] with [ HelpComment.Tests.ps1 ].[ Celerium.RocketCyber ] module help tests.[ Get-RocketCyberAccount ].[ Get-RocketCyberAccount ] - Example has example code &amp; description   - [ &lt;_.title -replace '-'.''&gt; ]" executed="True" result="Success" success="True" time="0.0208" asserts="0" description="[ Get-RocketCyberAccount ] - Example has example code &amp; description   - [ &lt;_.title -replace '-'.''&gt; ]">
                        <results>
                          <test-case description="[ Get-RocketCyberAccount ] - Example has example code &amp; description   - [  EXAMPLE 1  ]" name="Testing the [ Built ] version of [ Celerium.RocketCyber ] with [ HelpComment.Tests.ps1 ].[ Celerium.RocketCyber ] module help tests.[ Get-RocketCyberAccount ].[ Get-RocketCyberAccount ] - Example has example code &amp; description   - [  EXAMPLE 1  ]" time="0.0084" asserts="0" success="True" result="Success" executed="True" />
                          <test-case description="[ Get-RocketCyberAccount ] - Example has example code &amp; description   - [  EXAMPLE 2  ]" name="Testing the [ Built ] version of [ Celerium.RocketCyber ] with [ HelpComment.Tests.ps1 ].[ Celerium.RocketCyber ] module help tests.[ Get-RocketCyberAccount ].[ Get-RocketCyberAccount ] - Example has example code &amp; description   - [  EXAMPLE 2  ]" time="0.0063" asserts="0" success="True" result="Success" executed="True" />
                          <test-case description="[ Get-RocketCyberAccount ] - Example has example code &amp; description   - [  EXAMPLE 3  ]" name="Testing the [ Built ] version of [ Celerium.RocketCyber ] with [ HelpComment.Tests.ps1 ].[ Celerium.RocketCyber ] module help tests.[ Get-RocketCyberAccount ].[ Get-RocketCyberAccount ] - Example has example code &amp; description   - [  EXAMPLE 3  ]" time="0.0061" asserts="0" success="True" result="Success" executed="True" />
                        </results>
                      </test-suite>
                    </results>
                  </test-suite>
                </results>
              </test-suite>
              <test-suite type="TestFixture" name="Testing the [ Built ] version of [ Celerium.RocketCyber ] with [ HelpComment.Tests.ps1 ].[ Celerium.RocketCyber ] module help tests" executed="True" result="Success" success="True" time="2.7695" asserts="0" description="Testing the [ Built ] version of [ Celerium.RocketCyber ] with [ HelpComment.Tests.ps1 ].[ Celerium.RocketCyber ] module help tests">
                <results>
                  <test-suite type="TestFixture" name="Testing the [ Built ] version of [ Celerium.RocketCyber ] with [ HelpComment.Tests.ps1 ].[ Celerium.RocketCyber ] module help tests.[ Get-RocketCyberAgent ]" executed="True" result="Success" success="True" time="0.55" asserts="0" description="Testing the [ Built ] version of [ Celerium.RocketCyber ] with [ HelpComment.Tests.ps1 ].[ Celerium.RocketCyber ] module help tests.[ Get-RocketCyberAgent ]">
                    <results>
                      <test-case description="[ Get-RocketCyberAgent ] contains comment based help" name="Testing the [ Built ] version of [ Celerium.RocketCyber ] with [ HelpComment.Tests.ps1 ].[ Celerium.RocketCyber ] module help tests.[ Get-RocketCyberAgent ].[ Get-RocketCyberAgent ] contains comment based help" time="0.007" asserts="0" success="True" result="Success" executed="True" />
                      <test-case description="[ Get-RocketCyberAgent ] contains a synopsis" name="Testing the [ Built ] version of [ Celerium.RocketCyber ] with [ HelpComment.Tests.ps1 ].[ Celerium.RocketCyber ] module help tests.[ Get-RocketCyberAgent ].[ Get-RocketCyberAgent ] contains a synopsis" time="0.0067" asserts="0" success="True" result="Success" executed="True" />
                      <test-case description="[ Get-RocketCyberAgent ] contains a description" name="Testing the [ Built ] version of [ Celerium.RocketCyber ] with [ HelpComment.Tests.ps1 ].[ Celerium.RocketCyber ] module help tests.[ Get-RocketCyberAgent ].[ Get-RocketCyberAgent ] contains a description" time="0.0083" asserts="0" success="True" result="Success" executed="True" />
                      <test-case description="[ Get-RocketCyberAgent ] contains at least one usage example" name="Testing the [ Built ] version of [ Celerium.RocketCyber ] with [ HelpComment.Tests.ps1 ].[ Celerium.RocketCyber ] module help tests.[ Get-RocketCyberAgent ].[ Get-RocketCyberAgent ] contains at least one usage example" time="0.0061" asserts="0" success="True" result="Success" executed="True" />
                      <test-case description="[ Get-RocketCyberAgent ] contains a note" name="Testing the [ Built ] version of [ Celerium.RocketCyber ] with [ HelpComment.Tests.ps1 ].[ Celerium.RocketCyber ] module help tests.[ Get-RocketCyberAgent ].[ Get-RocketCyberAgent ] contains a note" time="0.0052" asserts="0" success="True" result="Success" executed="True" />
                      <test-case description="[ Get-RocketCyberAgent ] contains a link" name="Testing the [ Built ] version of [ Celerium.RocketCyber ] with [ HelpComment.Tests.ps1 ].[ Celerium.RocketCyber ] module help tests.[ Get-RocketCyberAgent ].[ Get-RocketCyberAgent ] contains a link" time="0.0075" asserts="0" success="True" result="Success" executed="True" />
                      <test-case description="[ Get-RocketCyberAgent ] link should return 200" name="Testing the [ Built ] version of [ Celerium.RocketCyber ] with [ HelpComment.Tests.ps1 ].[ Celerium.RocketCyber ] module help tests.[ Get-RocketCyberAgent ].[ Get-RocketCyberAgent ] link should return 200" time="0.3831" asserts="0" success="True" result="Success" executed="True" />
                      <test-suite type="ParameterizedTest" name="Testing the [ Built ] version of [ Celerium.RocketCyber ] with [ HelpComment.Tests.ps1 ].[ Celerium.RocketCyber ] module help tests.[ Get-RocketCyberAgent ].[ Get-RocketCyberAgent ] - Parameter has a description - [ &lt;_.name&gt; ]" executed="True" result="Success" success="True" time="0.0828" asserts="0" description="[ Get-RocketCyberAgent ] - Parameter has a description - [ &lt;_.name&gt; ]">
                        <results>
                          <test-case description="[ Get-RocketCyberAgent ] - Parameter has a description - [ AccountId ]" name="Testing the [ Built ] version of [ Celerium.RocketCyber ] with [ HelpComment.Tests.ps1 ].[ Celerium.RocketCyber ] module help tests.[ Get-RocketCyberAgent ].[ Get-RocketCyberAgent ] - Parameter has a description - [ AccountId ]" time="0.0067" asserts="0" success="True" result="Success" executed="True" />
                          <test-case description="[ Get-RocketCyberAgent ] - Parameter has a description - [ ID ]" name="Testing the [ Built ] version of [ Celerium.RocketCyber ] with [ HelpComment.Tests.ps1 ].[ Celerium.RocketCyber ] module help tests.[ Get-RocketCyberAgent ].[ Get-RocketCyberAgent ] - Parameter has a description - [ ID ]" time="0.0055" asserts="0" success="True" result="Success" executed="True" />
                          <test-case description="[ Get-RocketCyberAgent ] - Parameter has a description - [ Hostname ]" name="Testing the [ Built ] version of [ Celerium.RocketCyber ] with [ HelpComment.Tests.ps1 ].[ Celerium.RocketCyber ] module help tests.[ Get-RocketCyberAgent ].[ Get-RocketCyberAgent ] - Parameter has a description - [ Hostname ]" time="0.0078" asserts="0" success="True" result="Success" executed="True" />
                          <test-case description="[ Get-RocketCyberAgent ] - Parameter has a description - [ IP ]" name="Testing the [ Built ] version of [ Celerium.RocketCyber ] with [ HelpComment.Tests.ps1 ].[ Celerium.RocketCyber ] module help tests.[ Get-RocketCyberAgent ].[ Get-RocketCyberAgent ] - Parameter has a description - [ IP ]" time="0.0061" asserts="0" success="True" result="Success" executed="True" />
                          <test-case description="[ Get-RocketCyberAgent ] - Parameter has a description - [ Created ]" name="Testing the [ Built ] version of [ Celerium.RocketCyber ] with [ HelpComment.Tests.ps1 ].[ Celerium.RocketCyber ] module help tests.[ Get-RocketCyberAgent ].[ Get-RocketCyberAgent ] - Parameter has a description - [ Created ]" time="0.0051" asserts="0" success="True" result="Success" executed="True" />
                          <test-case description="[ Get-RocketCyberAgent ] - Parameter has a description - [ StartDate ]" name="Testing the [ Built ] version of [ Celerium.RocketCyber ] with [ HelpComment.Tests.ps1 ].[ Celerium.RocketCyber ] module help tests.[ Get-RocketCyberAgent ].[ Get-RocketCyberAgent ] - Parameter has a description - [ StartDate ]" time="0.0047" asserts="0" success="True" result="Success" executed="True" />
                          <test-case description="[ Get-RocketCyberAgent ] - Parameter has a description - [ EndDate ]" name="Testing the [ Built ] version of [ Celerium.RocketCyber ] with [ HelpComment.Tests.ps1 ].[ Celerium.RocketCyber ] module help tests.[ Get-RocketCyberAgent ].[ Get-RocketCyberAgent ] - Parameter has a description - [ EndDate ]" time="0.006" asserts="0" success="True" result="Success" executed="True" />
                          <test-case description="[ Get-RocketCyberAgent ] - Parameter has a description - [ OS ]" name="Testing the [ Built ] version of [ Celerium.RocketCyber ] with [ HelpComment.Tests.ps1 ].[ Celerium.RocketCyber ] module help tests.[ Get-RocketCyberAgent ].[ Get-RocketCyberAgent ] - Parameter has a description - [ OS ]" time="0.0078" asserts="0" success="True" result="Success" executed="True" />
                          <test-case description="[ Get-RocketCyberAgent ] - Parameter has a description - [ Version ]" name="Testing the [ Built ] version of [ Celerium.RocketCyber ] with [ HelpComment.Tests.ps1 ].[ Celerium.RocketCyber ] module help tests.[ Get-RocketCyberAgent ].[ Get-RocketCyberAgent ] - Parameter has a description - [ Version ]" time="0.0056" asserts="0" success="True" result="Success" executed="True" />
                          <test-case description="[ Get-RocketCyberAgent ] - Parameter has a description - [ Connectivity ]" name="Testing the [ Built ] version of [ Celerium.RocketCyber ] with [ HelpComment.Tests.ps1 ].[ Celerium.RocketCyber ] module help tests.[ Get-RocketCyberAgent ].[ Get-RocketCyberAgent ] - Parameter has a description - [ Connectivity ]" time="0.0051" asserts="0" success="True" result="Success" executed="True" />
                          <test-case description="[ Get-RocketCyberAgent ] - Parameter has a description - [ Page ]" name="Testing the [ Built ] version of [ Celerium.RocketCyber ] with [ HelpComment.Tests.ps1 ].[ Celerium.RocketCyber ] module help tests.[ Get-RocketCyberAgent ].[ Get-RocketCyberAgent ] - Parameter has a description - [ Page ]" time="0.0047" asserts="0" success="True" result="Success" executed="True" />
                          <test-case description="[ Get-RocketCyberAgent ] - Parameter has a description - [ PageSize ]" name="Testing the [ Built ] version of [ Celerium.RocketCyber ] with [ HelpComment.Tests.ps1 ].[ Celerium.RocketCyber ] module help tests.[ Get-RocketCyberAgent ].[ Get-RocketCyberAgent ] - Parameter has a description - [ PageSize ]" time="0.0049" asserts="0" success="True" result="Success" executed="True" />
                          <test-case description="[ Get-RocketCyberAgent ] - Parameter has a description - [ Sort ]" name="Testing the [ Built ] version of [ Celerium.RocketCyber ] with [ HelpComment.Tests.ps1 ].[ Celerium.RocketCyber ] module help tests.[ Get-RocketCyberAgent ].[ Get-RocketCyberAgent ] - Parameter has a description - [ Sort ]" time="0.0051" asserts="0" success="True" result="Success" executed="True" />
                          <test-case description="[ Get-RocketCyberAgent ] - Parameter has a description - [ AllResults ]" name="Testing the [ Built ] version of [ Celerium.RocketCyber ] with [ HelpComment.Tests.ps1 ].[ Celerium.RocketCyber ] module help tests.[ Get-RocketCyberAgent ].[ Get-RocketCyberAgent ] - Parameter has a description - [ AllResults ]" time="0.0077" asserts="0" success="True" result="Success" executed="True" />
                        </results>
                      </test-suite>
                      <test-suite type="ParameterizedTest" name="Testing the [ Built ] version of [ Celerium.RocketCyber ] with [ HelpComment.Tests.ps1 ].[ Celerium.RocketCyber ] module help tests.[ Get-RocketCyberAgent ].[ Get-RocketCyberAgent ] - Example has example code &amp; description   - [ &lt;_.title -replace '-'.''&gt; ]" executed="True" result="Success" success="True" time="0.0293" asserts="0" description="[ Get-RocketCyberAgent ] - Example has example code &amp; description   - [ &lt;_.title -replace '-'.''&gt; ]">
                        <results>
                          <test-case description="[ Get-RocketCyberAgent ] - Example has example code &amp; description   - [  EXAMPLE 1  ]" name="Testing the [ Built ] version of [ Celerium.RocketCyber ] with [ HelpComment.Tests.ps1 ].[ Celerium.RocketCyber ] module help tests.[ Get-RocketCyberAgent ].[ Get-RocketCyberAgent ] - Example has example code &amp; description   - [  EXAMPLE 1  ]" time="0.0083" asserts="0" success="True" result="Success" executed="True" />
                          <test-case description="[ Get-RocketCyberAgent ] - Example has example code &amp; description   - [  EXAMPLE 2  ]" name="Testing the [ Built ] version of [ Celerium.RocketCyber ] with [ HelpComment.Tests.ps1 ].[ Celerium.RocketCyber ] module help tests.[ Get-RocketCyberAgent ].[ Get-RocketCyberAgent ] - Example has example code &amp; description   - [  EXAMPLE 2  ]" time="0.0059" asserts="0" success="True" result="Success" executed="True" />
                          <test-case description="[ Get-RocketCyberAgent ] - Example has example code &amp; description   - [  EXAMPLE 3  ]" name="Testing the [ Built ] version of [ Celerium.RocketCyber ] with [ HelpComment.Tests.ps1 ].[ Celerium.RocketCyber ] module help tests.[ Get-RocketCyberAgent ].[ Get-RocketCyberAgent ] - Example has example code &amp; description   - [  EXAMPLE 3  ]" time="0.0061" asserts="0" success="True" result="Success" executed="True" />
                          <test-case description="[ Get-RocketCyberAgent ] - Example has example code &amp; description   - [  EXAMPLE 4  ]" name="Testing the [ Built ] version of [ Celerium.RocketCyber ] with [ HelpComment.Tests.ps1 ].[ Celerium.RocketCyber ] module help tests.[ Get-RocketCyberAgent ].[ Get-RocketCyberAgent ] - Example has example code &amp; description   - [  EXAMPLE 4  ]" time="0.009" asserts="0" success="True" result="Success" executed="True" />
                        </results>
                      </test-suite>
                    </results>
                  </test-suite>
                </results>
              </test-suite>
              <test-suite type="TestFixture" name="Testing the [ Built ] version of [ Celerium.RocketCyber ] with [ HelpComment.Tests.ps1 ].[ Celerium.RocketCyber ] module help tests" executed="True" result="Success" success="True" time="3.0242" asserts="0" description="Testing the [ Built ] version of [ Celerium.RocketCyber ] with [ HelpComment.Tests.ps1 ].[ Celerium.RocketCyber ] module help tests">
                <results>
                  <test-suite type="TestFixture" name="Testing the [ Built ] version of [ Celerium.RocketCyber ] with [ HelpComment.Tests.ps1 ].[ Celerium.RocketCyber ] module help tests.[ Get-RocketCyberApiKey ]" executed="True" result="Success" success="True" time="0.2466" asserts="0" description="Testing the [ Built ] version of [ Celerium.RocketCyber ] with [ HelpComment.Tests.ps1 ].[ Celerium.RocketCyber ] module help tests.[ Get-RocketCyberApiKey ]">
                    <results>
                      <test-case description="[ Get-RocketCyberApiKey ] contains comment based help" name="Testing the [ Built ] version of [ Celerium.RocketCyber ] with [ HelpComment.Tests.ps1 ].[ Celerium.RocketCyber ] module help tests.[ Get-RocketCyberApiKey ].[ Get-RocketCyberApiKey ] contains comment based help" time="0.0077" asserts="0" success="True" result="Success" executed="True" />
                      <test-case description="[ Get-RocketCyberApiKey ] contains a synopsis" name="Testing the [ Built ] version of [ Celerium.RocketCyber ] with [ HelpComment.Tests.ps1 ].[ Celerium.RocketCyber ] module help tests.[ Get-RocketCyberApiKey ].[ Get-RocketCyberApiKey ] contains a synopsis" time="0.0094" asserts="0" success="True" result="Success" executed="True" />
                      <test-case description="[ Get-RocketCyberApiKey ] contains a description" name="Testing the [ Built ] version of [ Celerium.RocketCyber ] with [ HelpComment.Tests.ps1 ].[ Celerium.RocketCyber ] module help tests.[ Get-RocketCyberApiKey ].[ Get-RocketCyberApiKey ] contains a description" time="0.0047" asserts="0" success="True" result="Success" executed="True" />
                      <test-case description="[ Get-RocketCyberApiKey ] contains at least one usage example" name="Testing the [ Built ] version of [ Celerium.RocketCyber ] with [ HelpComment.Tests.ps1 ].[ Celerium.RocketCyber ] module help tests.[ Get-RocketCyberApiKey ].[ Get-RocketCyberApiKey ] contains at least one usage example" time="0.006" asserts="0" success="True" result="Success" executed="True" />
                      <test-case description="[ Get-RocketCyberApiKey ] contains a note" name="Testing the [ Built ] version of [ Celerium.RocketCyber ] with [ HelpComment.Tests.ps1 ].[ Celerium.RocketCyber ] module help tests.[ Get-RocketCyberApiKey ].[ Get-RocketCyberApiKey ] contains a note" time="0.0044" asserts="0" success="True" result="Success" executed="True" />
                      <test-case description="[ Get-RocketCyberApiKey ] contains a link" name="Testing the [ Built ] version of [ Celerium.RocketCyber ] with [ HelpComment.Tests.ps1 ].[ Celerium.RocketCyber ] module help tests.[ Get-RocketCyberApiKey ].[ Get-RocketCyberApiKey ] contains a link" time="0.0045" asserts="0" success="True" result="Success" executed="True" />
                      <test-case description="[ Get-RocketCyberApiKey ] link should return 200" name="Testing the [ Built ] version of [ Celerium.RocketCyber ] with [ HelpComment.Tests.ps1 ].[ Celerium.RocketCyber ] module help tests.[ Get-RocketCyberApiKey ].[ Get-RocketCyberApiKey ] link should return 200" time="0.177" asserts="0" success="True" result="Success" executed="True" />
                      <test-suite type="ParameterizedTest" name="Testing the [ Built ] version of [ Celerium.RocketCyber ] with [ HelpComment.Tests.ps1 ].[ Celerium.RocketCyber ] module help tests.[ Get-RocketCyberApiKey ].[ Get-RocketCyberApiKey ] - Parameter has a description - [ &lt;_.name&gt; ]" executed="True" result="Success" success="True" time="0.0061" asserts="0" description="[ Get-RocketCyberApiKey ] - Parameter has a description - [ &lt;_.name&gt; ]">
                        <results>
                          <test-case description="[ Get-RocketCyberApiKey ] - Parameter has a description - [ AsPlainText ]" name="Testing the [ Built ] version of [ Celerium.RocketCyber ] with [ HelpComment.Tests.ps1 ].[ Celerium.RocketCyber ] module help tests.[ Get-RocketCyberApiKey ].[ Get-RocketCyberApiKey ] - Parameter has a description - [ AsPlainText ]" time="0.0061" asserts="0" success="True" result="Success" executed="True" />
                        </results>
                      </test-suite>
                      <test-suite type="ParameterizedTest" name="Testing the [ Built ] version of [ Celerium.RocketCyber ] with [ HelpComment.Tests.ps1 ].[ Celerium.RocketCyber ] module help tests.[ Get-RocketCyberApiKey ].[ Get-RocketCyberApiKey ] - Example has example code &amp; description   - [ &lt;_.title -replace '-'.''&gt; ]" executed="True" result="Success" success="True" time="0.0145" asserts="0" description="[ Get-RocketCyberApiKey ] - Example has example code &amp; description   - [ &lt;_.title -replace '-'.''&gt; ]">
                        <results>
                          <test-case description="[ Get-RocketCyberApiKey ] - Example has example code &amp; description   - [  EXAMPLE 1  ]" name="Testing the [ Built ] version of [ Celerium.RocketCyber ] with [ HelpComment.Tests.ps1 ].[ Celerium.RocketCyber ] module help tests.[ Get-RocketCyberApiKey ].[ Get-RocketCyberApiKey ] - Example has example code &amp; description   - [  EXAMPLE 1  ]" time="0.0084" asserts="0" success="True" result="Success" executed="True" />
                          <test-case description="[ Get-RocketCyberApiKey ] - Example has example code &amp; description   - [  EXAMPLE 2  ]" name="Testing the [ Built ] version of [ Celerium.RocketCyber ] with [ HelpComment.Tests.ps1 ].[ Celerium.RocketCyber ] module help tests.[ Get-RocketCyberApiKey ].[ Get-RocketCyberApiKey ] - Example has example code &amp; description   - [  EXAMPLE 2  ]" time="0.0061" asserts="0" success="True" result="Success" executed="True" />
                        </results>
                      </test-suite>
                    </results>
                  </test-suite>
                </results>
              </test-suite>
              <test-suite type="TestFixture" name="Testing the [ Built ] version of [ Celerium.RocketCyber ] with [ HelpComment.Tests.ps1 ].[ Celerium.RocketCyber ] module help tests" executed="True" result="Success" success="True" time="3.2547" asserts="0" description="Testing the [ Built ] version of [ Celerium.RocketCyber ] with [ HelpComment.Tests.ps1 ].[ Celerium.RocketCyber ] module help tests">
                <results>
                  <test-suite type="TestFixture" name="Testing the [ Built ] version of [ Celerium.RocketCyber ] with [ HelpComment.Tests.ps1 ].[ Celerium.RocketCyber ] module help tests.[ Get-RocketCyberApp ]" executed="True" result="Success" success="True" time="0.2162" asserts="0" description="Testing the [ Built ] version of [ Celerium.RocketCyber ] with [ HelpComment.Tests.ps1 ].[ Celerium.RocketCyber ] module help tests.[ Get-RocketCyberApp ]">
                    <results>
                      <test-case description="[ Get-RocketCyberApp ] contains comment based help" name="Testing the [ Built ] version of [ Celerium.RocketCyber ] with [ HelpComment.Tests.ps1 ].[ Celerium.RocketCyber ] module help tests.[ Get-RocketCyberApp ].[ Get-RocketCyberApp ] contains comment based help" time="0.0085" asserts="0" success="True" result="Success" executed="True" />
                      <test-case description="[ Get-RocketCyberApp ] contains a synopsis" name="Testing the [ Built ] version of [ Celerium.RocketCyber ] with [ HelpComment.Tests.ps1 ].[ Celerium.RocketCyber ] module help tests.[ Get-RocketCyberApp ].[ Get-RocketCyberApp ] contains a synopsis" time="0.0044" asserts="0" success="True" result="Success" executed="True" />
                      <test-case description="[ Get-RocketCyberApp ] contains a description" name="Testing the [ Built ] version of [ Celerium.RocketCyber ] with [ HelpComment.Tests.ps1 ].[ Celerium.RocketCyber ] module help tests.[ Get-RocketCyberApp ].[ Get-RocketCyberApp ] contains a description" time="0.0051" asserts="0" success="True" result="Success" executed="True" />
                      <test-case description="[ Get-RocketCyberApp ] contains at least one usage example" name="Testing the [ Built ] version of [ Celerium.RocketCyber ] with [ HelpComment.Tests.ps1 ].[ Celerium.RocketCyber ] module help tests.[ Get-RocketCyberApp ].[ Get-RocketCyberApp ] contains at least one usage example" time="0.006" asserts="0" success="True" result="Success" executed="True" />
                      <test-case description="[ Get-RocketCyberApp ] contains a note" name="Testing the [ Built ] version of [ Celerium.RocketCyber ] with [ HelpComment.Tests.ps1 ].[ Celerium.RocketCyber ] module help tests.[ Get-RocketCyberApp ].[ Get-RocketCyberApp ] contains a note" time="0.0043" asserts="0" success="True" result="Success" executed="True" />
                      <test-case description="[ Get-RocketCyberApp ] contains a link" name="Testing the [ Built ] version of [ Celerium.RocketCyber ] with [ HelpComment.Tests.ps1 ].[ Celerium.RocketCyber ] module help tests.[ Get-RocketCyberApp ].[ Get-RocketCyberApp ] contains a link" time="0.0081" asserts="0" success="True" result="Success" executed="True" />
                      <test-case description="[ Get-RocketCyberApp ] link should return 200" name="Testing the [ Built ] version of [ Celerium.RocketCyber ] with [ HelpComment.Tests.ps1 ].[ Celerium.RocketCyber ] module help tests.[ Get-RocketCyberApp ].[ Get-RocketCyberApp ] link should return 200" time="0.1316" asserts="0" success="True" result="Success" executed="True" />
                      <test-suite type="ParameterizedTest" name="Testing the [ Built ] version of [ Celerium.RocketCyber ] with [ HelpComment.Tests.ps1 ].[ Celerium.RocketCyber ] module help tests.[ Get-RocketCyberApp ].[ Get-RocketCyberApp ] - Parameter has a description - [ &lt;_.name&gt; ]" executed="True" result="Success" success="True" time="0.0112" asserts="0" description="[ Get-RocketCyberApp ] - Parameter has a description - [ &lt;_.name&gt; ]">
                        <results>
                          <test-case description="[ Get-RocketCyberApp ] - Parameter has a description - [ AccountId ]" name="Testing the [ Built ] version of [ Celerium.RocketCyber ] with [ HelpComment.Tests.ps1 ].[ Celerium.RocketCyber ] module help tests.[ Get-RocketCyberApp ].[ Get-RocketCyberApp ] - Parameter has a description - [ AccountId ]" time="0.0064" asserts="0" success="True" result="Success" executed="True" />
                          <test-case description="[ Get-RocketCyberApp ] - Parameter has a description - [ Status ]" name="Testing the [ Built ] version of [ Celerium.RocketCyber ] with [ HelpComment.Tests.ps1 ].[ Celerium.RocketCyber ] module help tests.[ Get-RocketCyberApp ].[ Get-RocketCyberApp ] - Parameter has a description - [ Status ]" time="0.0048" asserts="0" success="True" result="Success" executed="True" />
                        </results>
                      </test-suite>
                      <test-suite type="ParameterizedTest" name="Testing the [ Built ] version of [ Celerium.RocketCyber ] with [ HelpComment.Tests.ps1 ].[ Celerium.RocketCyber ] module help tests.[ Get-RocketCyberApp ].[ Get-RocketCyberApp ] - Example has example code &amp; description   - [ &lt;_.title -replace '-'.''&gt; ]" executed="True" result="Success" success="True" time="0.0246" asserts="0" description="[ Get-RocketCyberApp ] - Example has example code &amp; description   - [ &lt;_.title -replace '-'.''&gt; ]">
                        <results>
                          <test-case description="[ Get-RocketCyberApp ] - Example has example code &amp; description   - [  EXAMPLE 1  ]" name="Testing the [ Built ] version of [ Celerium.RocketCyber ] with [ HelpComment.Tests.ps1 ].[ Celerium.RocketCyber ] module help tests.[ Get-RocketCyberApp ].[ Get-RocketCyberApp ] - Example has example code &amp; description   - [  EXAMPLE 1  ]" time="0.0087" asserts="0" success="True" result="Success" executed="True" />
                          <test-case description="[ Get-RocketCyberApp ] - Example has example code &amp; description   - [  EXAMPLE 2  ]" name="Testing the [ Built ] version of [ Celerium.RocketCyber ] with [ HelpComment.Tests.ps1 ].[ Celerium.RocketCyber ] module help tests.[ Get-RocketCyberApp ].[ Get-RocketCyberApp ] - Example has example code &amp; description   - [  EXAMPLE 2  ]" time="0.009" asserts="0" success="True" result="Success" executed="True" />
                          <test-case description="[ Get-RocketCyberApp ] - Example has example code &amp; description   - [  EXAMPLE 3  ]" name="Testing the [ Built ] version of [ Celerium.RocketCyber ] with [ HelpComment.Tests.ps1 ].[ Celerium.RocketCyber ] module help tests.[ Get-RocketCyberApp ].[ Get-RocketCyberApp ] - Example has example code &amp; description   - [  EXAMPLE 3  ]" time="0.007" asserts="0" success="True" result="Success" executed="True" />
                        </results>
                      </test-suite>
                    </results>
                  </test-suite>
                </results>
              </test-suite>
              <test-suite type="TestFixture" name="Testing the [ Built ] version of [ Celerium.RocketCyber ] with [ HelpComment.Tests.ps1 ].[ Celerium.RocketCyber ] module help tests" executed="True" result="Ignored" success="True" time="3.6127" asserts="0" description="Testing the [ Built ] version of [ Celerium.RocketCyber ] with [ HelpComment.Tests.ps1 ].[ Celerium.RocketCyber ] module help tests">
                <results>
                  <test-suite type="TestFixture" name="Testing the [ Built ] version of [ Celerium.RocketCyber ] with [ HelpComment.Tests.ps1 ].[ Celerium.RocketCyber ] module help tests.[ Get-RocketCyberBaseUri ]" executed="True" result="Ignored" success="True" time="0.3493" asserts="0" description="Testing the [ Built ] version of [ Celerium.RocketCyber ] with [ HelpComment.Tests.ps1 ].[ Celerium.RocketCyber ] module help tests.[ Get-RocketCyberBaseUri ]">
                    <results>
                      <test-case description="[ Get-RocketCyberBaseUri ] contains comment based help" name="Testing the [ Built ] version of [ Celerium.RocketCyber ] with [ HelpComment.Tests.ps1 ].[ Celerium.RocketCyber ] module help tests.[ Get-RocketCyberBaseUri ].[ Get-RocketCyberBaseUri ] contains comment based help" time="0.0105" asserts="0" success="True" result="Success" executed="True" />
                      <test-case description="[ Get-RocketCyberBaseUri ] contains a synopsis" name="Testing the [ Built ] version of [ Celerium.RocketCyber ] with [ HelpComment.Tests.ps1 ].[ Celerium.RocketCyber ] module help tests.[ Get-RocketCyberBaseUri ].[ Get-RocketCyberBaseUri ] contains a synopsis" time="0.0048" asserts="0" success="True" result="Success" executed="True" />
                      <test-case description="[ Get-RocketCyberBaseUri ] contains a description" name="Testing the [ Built ] version of [ Celerium.RocketCyber ] with [ HelpComment.Tests.ps1 ].[ Celerium.RocketCyber ] module help tests.[ Get-RocketCyberBaseUri ].[ Get-RocketCyberBaseUri ] contains a description" time="0.0052" asserts="0" success="True" result="Success" executed="True" />
                      <test-case description="[ Get-RocketCyberBaseUri ] contains at least one usage example" name="Testing the [ Built ] version of [ Celerium.RocketCyber ] with [ HelpComment.Tests.ps1 ].[ Celerium.RocketCyber ] module help tests.[ Get-RocketCyberBaseUri ].[ Get-RocketCyberBaseUri ] contains at least one usage example" time="0.0063" asserts="0" success="True" result="Success" executed="True" />
                      <test-case description="[ Get-RocketCyberBaseUri ] contains a note" name="Testing the [ Built ] version of [ Celerium.RocketCyber ] with [ HelpComment.Tests.ps1 ].[ Celerium.RocketCyber ] module help tests.[ Get-RocketCyberBaseUri ].[ Get-RocketCyberBaseUri ] contains a note" time="0.0048" asserts="0" success="True" result="Success" executed="True" />
                      <test-case description="[ Get-RocketCyberBaseUri ] contains a link" name="Testing the [ Built ] version of [ Celerium.RocketCyber ] with [ HelpComment.Tests.ps1 ].[ Celerium.RocketCyber ] module help tests.[ Get-RocketCyberBaseUri ].[ Get-RocketCyberBaseUri ] contains a link" time="0.0106" asserts="0" success="True" result="Success" executed="True" />
                      <test-case description="[ Get-RocketCyberBaseUri ] link should return 200" name="Testing the [ Built ] version of [ Celerium.RocketCyber ] with [ HelpComment.Tests.ps1 ].[ Celerium.RocketCyber ] module help tests.[ Get-RocketCyberBaseUri ].[ Get-RocketCyberBaseUri ] link should return 200" time="0.1934" asserts="0" success="True" result="Success" executed="True" />
                      <test-case description="[ Get-RocketCyberBaseUri ] - Parameter has a description -" name="Testing the [ Built ] version of [ Celerium.RocketCyber ] with [ HelpComment.Tests.ps1 ].[ Celerium.RocketCyber ] module help tests.[ Get-RocketCyberBaseUri ].[ Get-RocketCyberBaseUri ] - Parameter has a description -" time="0.0865" asserts="0" success="False" result="Ignored" executed="False" />
                      <test-suite type="ParameterizedTest" name="Testing the [ Built ] version of [ Celerium.RocketCyber ] with [ HelpComment.Tests.ps1 ].[ Celerium.RocketCyber ] module help tests.[ Get-RocketCyberBaseUri ].[ Get-RocketCyberBaseUri ] - Example has example code &amp; description   - [ &lt;_.title -replace '-'.''&gt; ]" executed="True" result="Success" success="True" time="0.0169" asserts="0" description="[ Get-RocketCyberBaseUri ] - Example has example code &amp; description   - [ &lt;_.title -replace '-'.''&gt; ]">
                        <results>
                          <test-case description="[ Get-RocketCyberBaseUri ] - Example has example code &amp; description   - [  EXAMPLE 1  ]" name="Testing the [ Built ] version of [ Celerium.RocketCyber ] with [ HelpComment.Tests.ps1 ].[ Celerium.RocketCyber ] module help tests.[ Get-RocketCyberBaseUri ].[ Get-RocketCyberBaseUri ] - Example has example code &amp; description   - [  EXAMPLE 1  ]" time="0.0169" asserts="0" success="True" result="Success" executed="True" />
                        </results>
                      </test-suite>
                    </results>
                  </test-suite>
                </results>
              </test-suite>
              <test-suite type="TestFixture" name="Testing the [ Built ] version of [ Celerium.RocketCyber ] with [ HelpComment.Tests.ps1 ].[ Celerium.RocketCyber ] module help tests" executed="True" result="Success" success="True" time="3.8683" asserts="0" description="Testing the [ Built ] version of [ Celerium.RocketCyber ] with [ HelpComment.Tests.ps1 ].[ Celerium.RocketCyber ] module help tests">
                <results>
                  <test-suite type="TestFixture" name="Testing the [ Built ] version of [ Celerium.RocketCyber ] with [ HelpComment.Tests.ps1 ].[ Celerium.RocketCyber ] module help tests.[ Get-RocketCyberDefender ]" executed="True" result="Success" success="True" time="0.2435" asserts="0" description="Testing the [ Built ] version of [ Celerium.RocketCyber ] with [ HelpComment.Tests.ps1 ].[ Celerium.RocketCyber ] module help tests.[ Get-RocketCyberDefender ]">
                    <results>
[...]
                  <test-case description="Should accept a value from the pipeline" name="Testing [ Add-RocketCyberBaseURI ] functions with [ Add-RocketCyberBaseURI.Tests.ps1 ].[ Add-RocketCyberBaseURI ] testing functions.Should accept a value from the pipeline" time="0.008" asserts="0" success="True" result="Success" executed="True" />
                  <test-case description="With parameter -BaseUri  should return what was inputted" name="Testing [ Add-RocketCyberBaseURI ] functions with [ Add-RocketCyberBaseURI.Tests.ps1 ].[ Add-RocketCyberBaseURI ] testing functions.With parameter -BaseUri  should return what was inputted" time="0.0079" asserts="0" success="True" result="Success" executed="True" />
                  <test-case description="With parameter -DataCenter US should return the default URI" name="Testing [ Add-RocketCyberBaseURI ] functions with [ Add-RocketCyberBaseURI.Tests.ps1 ].[ Add-RocketCyberBaseURI ] testing functions.With parameter -DataCenter US should return the default URI" time="0.0091" asserts="0" success="True" result="Success" executed="True" />
                  <test-case description="With parameter -DataCenter EU should return the default URI" name="Testing [ Add-RocketCyberBaseURI ] functions with [ Add-RocketCyberBaseURI.Tests.ps1 ].[ Add-RocketCyberBaseURI ] testing functions.With parameter -DataCenter EU should return the default URI" time="0.008" asserts="0" success="True" result="Success" executed="True" />
                  <test-case description="With invalid parameter value -DataCenter Space should return an error" name="Testing [ Add-RocketCyberBaseURI ] functions with [ Add-RocketCyberBaseURI.Tests.ps1 ].[ Add-RocketCyberBaseURI ] testing functions.With invalid parameter value -DataCenter Space should return an error" time="0.1243" asserts="0" success="True" result="Success" executed="True" />
                  <test-case description="The default URI should NOT contain a trailing forward slash" name="Testing [ Add-RocketCyberBaseURI ] functions with [ Add-RocketCyberBaseURI.Tests.ps1 ].[ Add-RocketCyberBaseURI ] testing functions.The default URI should NOT contain a trailing forward slash" time="0.0395" asserts="0" success="True" result="Success" executed="True" />
                  <test-case description="A custom URI should NOT contain a trailing forward slash" name="Testing [ Add-RocketCyberBaseURI ] functions with [ Add-RocketCyberBaseURI.Tests.ps1 ].[ Add-RocketCyberBaseURI ] testing functions.A custom URI should NOT contain a trailing forward slash" time="0.0117" asserts="0" success="True" result="Success" executed="True" />
                </results>
              </test-suite>
            </results>
          </test-suite>
        </results>
      </test-suite>
      <test-suite type="TestFixture" name="C:\Celerium\Projects\_API\Celerium.RocketCyber\tests\Private\BaseUri\Get-RocketCyberBaseURI.Tests.ps1" executed="True" result="Success" success="True" time="0.158" asserts="0" description="C:\Celerium\Projects\_API\Celerium.RocketCyber\tests\Private\BaseUri\Get-RocketCyberBaseURI.Tests.ps1">
        <results>
          <test-suite type="TestFixture" name="Testing [ Get-RocketCyberBaseURI ] function with [ Get-RocketCyberBaseURI.Tests.ps1 ]" executed="True" result="Success" success="True" time="0.0651" asserts="0" description="Testing [ Get-RocketCyberBaseURI ] function with [ Get-RocketCyberBaseURI.Tests.ps1 ]">
            <results>
              <test-suite type="TestFixture" name="Testing [ Get-RocketCyberBaseURI ] function with [ Get-RocketCyberBaseURI.Tests.ps1 ].[ Get-RocketCyberBaseURI ] testing function" executed="True" result="Success" success="True" time="0.0574" asserts="0" description="Testing [ Get-RocketCyberBaseURI ] function with [ Get-RocketCyberBaseURI.Tests.ps1 ].[ Get-RocketCyberBaseURI ] testing function">
                <results>
                  <test-case description="The default URI should be returned" name="Testing [ Get-RocketCyberBaseURI ] function with [ Get-RocketCyberBaseURI.Tests.ps1 ].[ Get-RocketCyberBaseURI ] testing function.The default URI should be returned" time="0.0144" asserts="0" success="True" result="Success" executed="True" />
                  <test-case description="The URI should be a string" name="Testing [ Get-RocketCyberBaseURI ] function with [ Get-RocketCyberBaseURI.Tests.ps1 ].[ Get-RocketCyberBaseURI ] testing function.The URI should be a string" time="0.0119" asserts="0" success="True" result="Success" executed="True" />
                  <test-case description="The default URI should NOT contain a trailing forward slash" name="Testing [ Get-RocketCyberBaseURI ] function with [ Get-RocketCyberBaseURI.Tests.ps1 ].[ Get-RocketCyberBaseURI ] testing function.The default URI should NOT contain a trailing forward slash" time="0.0069" asserts="0" success="True" result="Success" executed="True" />
                  <test-case description="A custom URI should NOT contain a trailing forward slash" name="Testing [ Get-RocketCyberBaseURI ] function with [ Get-RocketCyberBaseURI.Tests.ps1 ].[ Get-RocketCyberBaseURI ] testing function.A custom URI should NOT contain a trailing forward slash" time="0.0062" asserts="0" success="True" result="Success" executed="True" />
                  <test-case description="If the BaseUri is not set a warning should be thrown" name="Testing [ Get-RocketCyberBaseURI ] function with [ Get-RocketCyberBaseURI.Tests.ps1 ].[ Get-RocketCyberBaseURI ] testing function.If the BaseUri is not set a warning should be thrown" time="0.0095" asserts="0" success="True" result="Success" executed="True" />
                </results>
              </test-suite>
            </results>
          </test-suite>
        </results>
      </test-suite>
      <test-suite type="TestFixture" name="C:\Celerium\Projects\_API\Celerium.RocketCyber\tests\Private\BaseUri\Remove-RocketCyberBaseURI.Tests.ps1" executed="True" result="Success" success="True" time="0.1174" asserts="0" description="C:\Celerium\Projects\_API\Celerium.RocketCyber\tests\Private\BaseUri\Remove-RocketCyberBaseURI.Tests.ps1">
        <results>
          <test-suite type="TestFixture" name="Testing [ Remove-RocketCyberBaseURI ] function with [ Remove-RocketCyberBaseURI.Tests.ps1 ]" executed="True" result="Success" success="True" time="0.0309" asserts="0" description="Testing [ Remove-RocketCyberBaseURI ] function with [ Remove-RocketCyberBaseURI.Tests.ps1 ]">
            <results>
              <test-suite type="TestFixture" name="Testing [ Remove-RocketCyberBaseURI ] function with [ Remove-RocketCyberBaseURI.Tests.ps1 ].[ Remove-RocketCyberBaseURI ] testing function" executed="True" result="Success" success="True" time="0.0233" asserts="0" description="Testing [ Remove-RocketCyberBaseURI ] function with [ Remove-RocketCyberBaseURI.Tests.ps1 ].[ Remove-RocketCyberBaseURI ] testing function">
                <results>
                  <test-case description="The BaseUri variable should not longer exist" name="Testing [ Remove-RocketCyberBaseURI ] function with [ Remove-RocketCyberBaseURI.Tests.ps1 ].[ Remove-RocketCyberBaseURI ] testing function.The BaseUri variable should not longer exist" time="0.0081" asserts="0" success="True" result="Success" executed="True" />
                  <test-case description="If the BaseUri is already gone a warning should be thrown" name="Testing [ Remove-RocketCyberBaseURI ] function with [ Remove-RocketCyberBaseURI.Tests.ps1 ].[ Remove-RocketCyberBaseURI ] testing function.If the BaseUri is already gone a warning should be thrown" time="0.0072" asserts="0" success="True" result="Success" executed="True" />
                </results>
              </test-suite>
            </results>
          </test-suite>
        </results>
      </test-suite>
      <test-suite type="TestFixture" name="C:\Celerium\Projects\_API\Celerium.RocketCyber\tests\Private\ModuleSettings\Export-RocketCyberModuleSettings.Tests.ps1" executed="True" result="Success" success="True" time="0.1787" asserts="0" description="C:\Celerium\Projects\_API\Celerium.RocketCyber\tests\Private\ModuleSettings\Export-RocketCyberModuleSettings.Tests.ps1">
        <results>
          <test-suite type="TestFixture" name="Testing [ Export-RocketCyberModuleSettings ] function with [ Export-RocketCyberModuleSettings.Tests.ps1 ]" executed="True" result="Success" success="True" time="0.0837" asserts="0" description="Testing [ Export-RocketCyberModuleSettings ] function with [ Export-RocketCyberModuleSettings.Tests.ps1 ]">
            <results>
              <test-suite type="TestFixture" name="Testing [ Export-RocketCyberModuleSettings ] function with [ Export-RocketCyberModuleSettings.Tests.ps1 ].[ Export-RocketCyberModuleSettings ] testing function" executed="True" result="Success" success="True" time="0.0761" asserts="0" description="Testing [ Export-RocketCyberModuleSettings ] function with [ Export-RocketCyberModuleSettings.Tests.ps1 ].[ Export-RocketCyberModuleSettings ] testing function">
                <results>
                  <test-case description="Should export successfully" name="Testing [ Export-RocketCyberModuleSettings ] function with [ Export-RocketCyberModuleSettings.Tests.ps1 ].[ Export-RocketCyberModuleSettings ] testing function.Should export successfully" time="0.0233" asserts="0" success="True" result="Success" executed="True" />
                  <test-case description="Configuration directory should be hidden" name="Testing [ Export-RocketCyberModuleSettings ] function with [ Export-RocketCyberModuleSettings.Tests.ps1 ].[ Export-RocketCyberModuleSettings ] testing function.Configuration directory should be hidden" time="0.0171" asserts="0" success="True" result="Success" executed="True" />
                  <test-case description="Configuration file should contain required values" name="Testing [ Export-RocketCyberModuleSettings ] function with [ Export-RocketCyberModuleSettings.Tests.ps1 ].[ Export-RocketCyberModuleSettings ] testing function.Configuration file should contain required values" time="0.0274" asserts="0" success="True" result="Success" executed="True" />
                </results>
              </test-suite>
            </results>
          </test-suite>
        </results>
      </test-suite>
      <test-suite type="TestFixture" name="C:\Celerium\Projects\_API\Celerium.RocketCyber\tests\Private\ModuleSettings\Get-RocketCyberModuleSettings.Tests.ps1" executed="True" result="Success" success="True" time="0.1513" asserts="0" description="C:\Celerium\Projects\_API\Celerium.RocketCyber\tests\Private\ModuleSettings\Get-RocketCyberModuleSettings.Tests.ps1">
        <results>
          <test-suite type="TestFixture" name="Testing [ Get-RocketCyberModuleSettings ] function with [ Get-RocketCyberModuleSettings.Tests.ps1 ]" executed="True" result="Success" success="True" time="0.06" asserts="0" description="Testing [ Get-RocketCyberModuleSettings ] function with [ Get-RocketCyberModuleSettings.Tests.ps1 ]">
            <results>
              <test-suite type="TestFixture" name="Testing [ Get-RocketCyberModuleSettings ] function with [ Get-RocketCyberModuleSettings.Tests.ps1 ].[ Get-RocketCyberModuleSettings ] testing function" executed="True" result="Success" success="True" time="0.0497" asserts="0" description="Testing [ Get-RocketCyberModuleSettings ] function with [ Get-RocketCyberModuleSettings.Tests.ps1 ].[ Get-RocketCyberModuleSettings ] testing function">
                <results>
                  <test-case description="Configuration directory should be hidden" name="Testing [ Get-RocketCyberModuleSettings ] function with [ Get-RocketCyberModuleSettings.Tests.ps1 ].[ Get-RocketCyberModuleSettings ] testing function.Configuration directory should be hidden" time="0.0124" asserts="0" success="True" result="Success" executed="True" />
                  <test-case description="Configuration file should contain required values" name="Testing [ Get-RocketCyberModuleSettings ] function with [ Get-RocketCyberModuleSettings.Tests.ps1 ].[ Get-RocketCyberModuleSettings ] testing function.Configuration file should contain required values" time="0.0252" asserts="0" success="True" result="Success" executed="True" />
                </results>
              </test-suite>
            </results>
          </test-suite>
        </results>
      </test-suite>
      <test-suite type="TestFixture" name="C:\Celerium\Projects\_API\Celerium.RocketCyber\tests\Private\ModuleSettings\Import-RocketCyberModuleSettings.Tests.ps1" executed="True" result="Success" success="True" time="0.1827" asserts="0" description="C:\Celerium\Projects\_API\Celerium.RocketCyber\tests\Private\ModuleSettings\Import-RocketCyberModuleSettings.Tests.ps1">
        <results>
          <test-suite type="TestFixture" name="Testing [ Import-RocketCyberModuleSettings ] function with [ Import-RocketCyberModuleSettings.Tests.ps1 ]" executed="True" result="Success" success="True" time="0.0913" asserts="0" description="Testing [ Import-RocketCyberModuleSettings ] function with [ Import-RocketCyberModuleSettings.Tests.ps1 ]">
            <results>
              <test-suite type="TestFixture" name="Testing [ Import-RocketCyberModuleSettings ] function with [ Import-RocketCyberModuleSettings.Tests.ps1 ].[ Import-RocketCyberModuleSettings ] testing function" executed="True" result="Success" success="True" time="0.0833" asserts="0" description="Testing [ Import-RocketCyberModuleSettings ] function with [ Import-RocketCyberModuleSettings.Tests.ps1 ].[ Import-RocketCyberModuleSettings ] testing function">
                <results>
                  <test-case description="No configuration should populate baseline variables" name="Testing [ Import-RocketCyberModuleSettings ] function with [ Import-RocketCyberModuleSettings.Tests.ps1 ].[ Import-RocketCyberModuleSettings ] testing function.No configuration should populate baseline variables" time="0.0128" asserts="0" success="True" result="Success" executed="True" />
                  <test-case description="Saved configuration session should contain required variables" name="Testing [ Import-RocketCyberModuleSettings ] function with [ Import-RocketCyberModuleSettings.Tests.ps1 ].[ Import-RocketCyberModuleSettings ] testing function.Saved configuration session should contain required variables" time="0.0336" asserts="0" success="True" result="Success" executed="True" />
                  <test-case description="Saved configuration session should NOT contain temp variables" name="Testing [ Import-RocketCyberModuleSettings ] function with [ Import-RocketCyberModuleSettings.Tests.ps1 ].[ Import-RocketCyberModuleSettings ] testing function.Saved configuration session should NOT contain temp variables" time="0.0274" asserts="0" success="True" result="Success" executed="True" />
                </results>
              </test-suite>
            </results>
          </test-suite>
        </results>
      </test-suite>
      <test-suite type="TestFixture" name="C:\Celerium\Projects\_API\Celerium.RocketCyber\tests\Private\ModuleSettings\Initialize-RocketCyberModuleSettings.Tests.ps1" executed="True" result="Success" success="True" time="0.1733" asserts="0" description="C:\Celerium\Projects\_API\Celerium.RocketCyber\tests\Private\ModuleSettings\Initialize-RocketCyberModuleSettings.Tests.ps1">
        <results>
          <test-suite type="TestFixture" name="Testing [ Initialize-RocketCyberModuleSettings ] function with [ Initialize-RocketCyberModuleSettings.Tests.ps1 ]" executed="True" result="Success" success="True" time="0.0802" asserts="0" description="Testing [ Initialize-RocketCyberModuleSettings ] function with [ Initialize-RocketCyberModuleSettings.Tests.ps1 ]">
            <results>
              <test-suite type="TestFixture" name="Testing [ Initialize-RocketCyberModuleSettings ] function with [ Initialize-RocketCyberModuleSettings.Tests.ps1 ].[ Initialize-RocketCyberModuleSettings ] testing function" executed="True" result="Success" success="True" time="0.0726" asserts="0" description="Testing [ Initialize-RocketCyberModuleSettings ] function with [ Initialize-RocketCyberModuleSettings.Tests.ps1 ].[ Initialize-RocketCyberModuleSettings ] testing function">
                <results>
                  <test-case description="When imported WITHOUT a saved configuration baseline variables should exist" name="Testing [ Initialize-RocketCyberModuleSettings ] function with [ Initialize-RocketCyberModuleSettings.Tests.ps1 ].[ Initialize-RocketCyberModuleSettings ] testing function.When imported WITHOUT a saved configuration baseline variables should exist" time="0.0234" asserts="0" success="True" result="Success" executed="True" />
                  <test-case description="When imported WITH a saved configuration baseline variables should exist" name="Testing [ Initialize-RocketCyberModuleSettings ] function with [ Initialize-RocketCyberModuleSettings.Tests.ps1 ].[ Initialize-RocketCyberModuleSettings ] testing function.When imported WITH a saved configuration baseline variables should exist" time="0.0408" asserts="0" success="True" result="Success" executed="True" />
                </results>
              </test-suite>
            </results>
          </test-suite>
        </results>
      </test-suite>
      <test-suite type="TestFixture" name="C:\Celerium\Projects\_API\Celerium.RocketCyber\tests\Private\ModuleSettings\Remove-RocketCyberModuleSettings.Tests.ps1" executed="True" result="Success" success="True" time="0.156" asserts="0" description="C:\Celerium\Projects\_API\Celerium.RocketCyber\tests\Private\ModuleSettings\Remove-RocketCyberModuleSettings.Tests.ps1">
        <results>
          <test-suite type="TestFixture" name="Testing [ Remove-RocketCyberModuleSettings ] function with [ Remove-RocketCyberModuleSettings.Tests.ps1 ]" executed="True" result="Success" success="True" time="0.0626" asserts="0" description="Testing [ Remove-RocketCyberModuleSettings ] function with [ Remove-RocketCyberModuleSettings.Tests.ps1 ]">
            <results>
              <test-suite type="TestFixture" name="Testing [ Remove-RocketCyberModuleSettings ] function with [ Remove-RocketCyberModuleSettings.Tests.ps1 ].[ Remove-RocketCyberModuleSettings ] testing function" executed="True" result="Success" success="True" time="0.0553" asserts="0" description="Testing [ Remove-RocketCyberModuleSettings ] function with [ Remove-RocketCyberModuleSettings.Tests.ps1 ].[ Remove-RocketCyberModuleSettings ] testing function">
                <results>
                  <test-case description="No configuration should throw a warning" name="Testing [ Remove-RocketCyberModuleSettings ] function with [ Remove-RocketCyberModuleSettings.Tests.ps1 ].[ Remove-RocketCyberModuleSettings ] testing function.No configuration should throw a warning" time="0.007" asserts="0" success="True" result="Success" executed="True" />
                  <test-case description="Saved configuration should be removed" name="Testing [ Remove-RocketCyberModuleSettings ] function with [ Remove-RocketCyberModuleSettings.Tests.ps1 ].[ Remove-RocketCyberModuleSettings ] testing function.Saved configuration should be removed" time="0.0176" asserts="0" success="True" result="Success" executed="True" />
                  <test-case description="Saved configuration &amp; variables should be removed" name="Testing [ Remove-RocketCyberModuleSettings ] function with [ Remove-RocketCyberModuleSettings.Tests.ps1 ].[ Remove-RocketCyberModuleSettings ] testing function.Saved configuration &amp; variables should be removed" time="0.0216" asserts="0" success="True" result="Success" executed="True" />
                </results>
              </test-suite>
            </results>
          </test-suite>
        </results>
      </test-suite>
    </results>
  </test-suite>
</test-results>